[Wed Jul 28 17:18:23 PKT 2021][INFO] ==================== COMPILE TASK ====================
[Wed Jul 28 17:18:27 PKT 2021][FINE] PB Command for check version: D:\Programs\graalvm-svm-windows-gluon-21.2.0-dev\bin\java -version
[Wed Jul 28 17:18:27 PKT 2021][FINE] Start process check version...
[Wed Jul 28 17:18:27 PKT 2021][FINE] [SUB] openjdk version "11.0.11" 2021-04-20
[Wed Jul 28 17:18:27 PKT 2021][FINE] [SUB] OpenJDK Runtime Environment GraalVM 21.2.0-dev (build 11.0.11+8-jvmci-21.2-b02)
[Wed Jul 28 17:18:27 PKT 2021][FINE] [SUB] OpenJDK 64-Bit Server VM GraalVM 21.2.0-dev (build 11.0.11+8-jvmci-21.2-b02, mixed mode, sharing)
[Wed Jul 28 17:18:27 PKT 2021][FINE] Result for check version: 0
[Wed Jul 28 17:18:27 PKT 2021][INFO] We will now compile your code for x86_64-microsoft-windows. This may take some time.
[Wed Jul 28 17:18:27 PKT 2021][FINE] Extracting native libs to: D:\NetBeansProjects\git-projects\HSQLDb-On-GraalVM-NativeImage-Test\target\gluonfx\x86_64-windows\gvm\lib
[Wed Jul 28 17:18:27 PKT 2021][FINE] Looking for resource: /native/windows/launcher.c
[Wed Jul 28 17:18:27 PKT 2021][FINE] PB Command for compile-additional-sources: cl -c -DSUBSTRATE /MD /D_UNICODE /DUNICODE /DWIN32 /D_WINDOWS -ID:\NetBeansProjects\git-projects\HSQLDb-On-GraalVM-NativeImage-Test\target\gluonfx\x86_64-windows\gvm\HSQLDbOnGraalVMNativeImageTest launcher.c
[Wed Jul 28 17:18:27 PKT 2021][FINE] Start process compile-additional-sources...
[Wed Jul 28 17:18:28 PKT 2021][FINE] [SUB] Microsoft (R) C/C++ Optimizing Compiler Version 19.28.29914 for x64
[Wed Jul 28 17:18:28 PKT 2021][FINE] [SUB] Copyright (C) Microsoft Corporation.  All rights reserved.
[Wed Jul 28 17:18:28 PKT 2021][FINE] [SUB] 
[Wed Jul 28 17:18:28 PKT 2021][FINE] [SUB] launcher.c
[Wed Jul 28 17:18:30 PKT 2021][FINE] Result for compile-additional-sources: 0
[Wed Jul 28 17:18:30 PKT 2021][FINE] Copied resource D:\NetBeansProjects\git-projects\HSQLDb-On-GraalVM-NativeImage-Test\target\classes\com\maqboolsolutions\hsqldbgraalvmtest\Main.class to C:\Users\MAQBOO~1\AppData\Local\Temp\classes7998571909945761837\com\maqboolsolutions\hsqldbgraalvmtest\Main.class
[Wed Jul 28 17:18:30 PKT 2021][FINE] Copied resource D:\NetBeansProjects\git-projects\HSQLDb-On-GraalVM-NativeImage-Test\target\classes\META-INF\native-image\reflect-config.json to C:\Users\MAQBOO~1\AppData\Local\Temp\classes7998571909945761837\META-INF\native-image\reflect-config.json
[Wed Jul 28 17:18:30 PKT 2021][FINE] Copied resource D:\NetBeansProjects\git-projects\HSQLDb-On-GraalVM-NativeImage-Test\target\classes\META-INF\native-image\resource-config.json to C:\Users\MAQBOO~1\AppData\Local\Temp\classes7998571909945761837\META-INF\native-image\resource-config.json
[Wed Jul 28 17:18:30 PKT 2021][FINE] PB Command for jar: D:\Programs\graalvm-svm-windows-gluon-21.2.0-dev\bin\jar.exe cf C:\Users\MAQBOO~1\AppData\Local\Temp\classes7998571909945761837\classes.jar -C C:\Users\MAQBOO~1\AppData\Local\Temp\classes7998571909945761837 .
[Wed Jul 28 17:18:30 PKT 2021][FINE] Start process jar...
[Wed Jul 28 17:18:31 PKT 2021][FINE] Result for jar: 0
[Wed Jul 28 17:18:31 PKT 2021][FINE] Scanning for init build time files
[Wed Jul 28 17:18:31 PKT 2021][FINE] Scanning D:\.my-m2\repository\com\gluonhq\attach\storage\4.0.11\storage-4.0.11-desktop.jar
[Wed Jul 28 17:18:31 PKT 2021][FINE] Scanning D:\.my-m2\repository\com\gluonhq\attach\storage\4.0.11\storage-4.0.11.jar
[Wed Jul 28 17:18:31 PKT 2021][FINE] Scanning D:\.my-m2\repository\com\gluonhq\attach\util\4.0.11\util-4.0.11.jar
[Wed Jul 28 17:18:31 PKT 2021][FINE] Scanning D:\.my-m2\repository\org\hsqldb\hsqldb\2.6.0\hsqldb-2.6.0.jar
[Wed Jul 28 17:18:31 PKT 2021][FINE] Scanning C:\Users\MaqboolStudioPC\.gluon\substrate\javafxStaticSdk\17-ea+14\windows-x86_64\sdk\lib\javafx.base.jar
[Wed Jul 28 17:18:31 PKT 2021][FINE] Scanning C:\Users\MaqboolStudioPC\.gluon\substrate\javafxStaticSdk\17-ea+14\windows-x86_64\sdk\lib\javafx.controls.jar
[Wed Jul 28 17:18:31 PKT 2021][FINE] Scanning C:\Users\MaqboolStudioPC\.gluon\substrate\javafxStaticSdk\17-ea+14\windows-x86_64\sdk\lib\javafx.graphics.jar
[Wed Jul 28 17:18:31 PKT 2021][FINE] Scanning C:\Users\MAQBOO~1\AppData\Local\Temp\classes7998571909945761837\classes.jar
[Wed Jul 28 17:18:31 PKT 2021][FINE] Scanning for reflection files
[Wed Jul 28 17:18:31 PKT 2021][FINE] Scanning D:\.my-m2\repository\com\gluonhq\attach\storage\4.0.11\storage-4.0.11-desktop.jar
[Wed Jul 28 17:18:31 PKT 2021][FINE] Adding classes from D:\.my-m2\repository\com\gluonhq\attach\storage\4.0.11\storage-4.0.11-desktop.jar::META-INF/substrate/config/reflectionconfig-x86_64-windows.json
[Wed Jul 28 17:18:31 PKT 2021][FINE] Scanning D:\.my-m2\repository\com\gluonhq\attach\storage\4.0.11\storage-4.0.11.jar
[Wed Jul 28 17:18:31 PKT 2021][FINE] Scanning D:\.my-m2\repository\com\gluonhq\attach\util\4.0.11\util-4.0.11.jar
[Wed Jul 28 17:18:31 PKT 2021][FINE] Scanning D:\.my-m2\repository\org\hsqldb\hsqldb\2.6.0\hsqldb-2.6.0.jar
[Wed Jul 28 17:18:31 PKT 2021][FINE] Scanning C:\Users\MaqboolStudioPC\.gluon\substrate\javafxStaticSdk\17-ea+14\windows-x86_64\sdk\lib\javafx.base.jar
[Wed Jul 28 17:18:31 PKT 2021][FINE] Adding classes from C:\Users\MaqboolStudioPC\.gluon\substrate\javafxStaticSdk\17-ea+14\windows-x86_64\sdk\lib\javafx.base.jar::META-INF/substrate/config/reflectionconfig.json
[Wed Jul 28 17:18:31 PKT 2021][FINE] Scanning C:\Users\MaqboolStudioPC\.gluon\substrate\javafxStaticSdk\17-ea+14\windows-x86_64\sdk\lib\javafx.controls.jar
[Wed Jul 28 17:18:31 PKT 2021][FINE] Adding classes from C:\Users\MaqboolStudioPC\.gluon\substrate\javafxStaticSdk\17-ea+14\windows-x86_64\sdk\lib\javafx.controls.jar::META-INF/substrate/config/reflectionconfig.json
[Wed Jul 28 17:18:31 PKT 2021][FINE] Scanning C:\Users\MaqboolStudioPC\.gluon\substrate\javafxStaticSdk\17-ea+14\windows-x86_64\sdk\lib\javafx.graphics.jar
[Wed Jul 28 17:18:31 PKT 2021][FINE] Adding classes from C:\Users\MaqboolStudioPC\.gluon\substrate\javafxStaticSdk\17-ea+14\windows-x86_64\sdk\lib\javafx.graphics.jar::META-INF/substrate/config/reflectionconfig-x86_64-windows.json
[Wed Jul 28 17:18:31 PKT 2021][FINE] Adding classes from C:\Users\MaqboolStudioPC\.gluon\substrate\javafxStaticSdk\17-ea+14\windows-x86_64\sdk\lib\javafx.graphics.jar::META-INF/substrate/config/reflectionconfig.json
[Wed Jul 28 17:18:31 PKT 2021][FINE] Scanning C:\Users\MAQBOO~1\AppData\Local\Temp\classes7998571909945761837\classes.jar
[Wed Jul 28 17:18:31 PKT 2021][FINE] Scanning for JNI files
[Wed Jul 28 17:18:31 PKT 2021][FINE] Scanning D:\.my-m2\repository\com\gluonhq\attach\storage\4.0.11\storage-4.0.11-desktop.jar
[Wed Jul 28 17:18:31 PKT 2021][FINE] Scanning D:\.my-m2\repository\com\gluonhq\attach\storage\4.0.11\storage-4.0.11.jar
[Wed Jul 28 17:18:31 PKT 2021][FINE] Scanning D:\.my-m2\repository\com\gluonhq\attach\util\4.0.11\util-4.0.11.jar
[Wed Jul 28 17:18:31 PKT 2021][FINE] Scanning D:\.my-m2\repository\org\hsqldb\hsqldb\2.6.0\hsqldb-2.6.0.jar
[Wed Jul 28 17:18:31 PKT 2021][FINE] Scanning C:\Users\MaqboolStudioPC\.gluon\substrate\javafxStaticSdk\17-ea+14\windows-x86_64\sdk\lib\javafx.base.jar
[Wed Jul 28 17:18:31 PKT 2021][FINE] Scanning C:\Users\MaqboolStudioPC\.gluon\substrate\javafxStaticSdk\17-ea+14\windows-x86_64\sdk\lib\javafx.controls.jar
[Wed Jul 28 17:18:31 PKT 2021][FINE] Scanning C:\Users\MaqboolStudioPC\.gluon\substrate\javafxStaticSdk\17-ea+14\windows-x86_64\sdk\lib\javafx.graphics.jar
[Wed Jul 28 17:18:31 PKT 2021][FINE] Adding classes from C:\Users\MaqboolStudioPC\.gluon\substrate\javafxStaticSdk\17-ea+14\windows-x86_64\sdk\lib\javafx.graphics.jar::META-INF/substrate/config/jniconfig-x86_64-windows.json
[Wed Jul 28 17:18:31 PKT 2021][FINE] Adding classes from C:\Users\MaqboolStudioPC\.gluon\substrate\javafxStaticSdk\17-ea+14\windows-x86_64\sdk\lib\javafx.graphics.jar::META-INF/substrate/config/jniconfig.json
[Wed Jul 28 17:18:31 PKT 2021][FINE] Scanning C:\Users\MAQBOO~1\AppData\Local\Temp\classes7998571909945761837\classes.jar
[Wed Jul 28 17:18:31 PKT 2021][FINE] Scanning for resource files
[Wed Jul 28 17:18:31 PKT 2021][FINE] Scanning D:\.my-m2\repository\com\gluonhq\attach\storage\4.0.11\storage-4.0.11-desktop.jar
[Wed Jul 28 17:18:31 PKT 2021][FINE] Scanning D:\.my-m2\repository\com\gluonhq\attach\storage\4.0.11\storage-4.0.11.jar
[Wed Jul 28 17:18:31 PKT 2021][FINE] Scanning D:\.my-m2\repository\com\gluonhq\attach\util\4.0.11\util-4.0.11.jar
[Wed Jul 28 17:18:31 PKT 2021][FINE] Scanning D:\.my-m2\repository\org\hsqldb\hsqldb\2.6.0\hsqldb-2.6.0.jar
[Wed Jul 28 17:18:31 PKT 2021][FINE] Scanning C:\Users\MaqboolStudioPC\.gluon\substrate\javafxStaticSdk\17-ea+14\windows-x86_64\sdk\lib\javafx.base.jar
[Wed Jul 28 17:18:31 PKT 2021][FINE] Scanning C:\Users\MaqboolStudioPC\.gluon\substrate\javafxStaticSdk\17-ea+14\windows-x86_64\sdk\lib\javafx.controls.jar
[Wed Jul 28 17:18:31 PKT 2021][FINE] Scanning C:\Users\MaqboolStudioPC\.gluon\substrate\javafxStaticSdk\17-ea+14\windows-x86_64\sdk\lib\javafx.graphics.jar
[Wed Jul 28 17:18:31 PKT 2021][FINE] Scanning C:\Users\MAQBOO~1\AppData\Local\Temp\classes7998571909945761837\classes.jar
[Wed Jul 28 17:18:31 PKT 2021][FINE] Copied resource D:\NetBeansProjects\git-projects\HSQLDb-On-GraalVM-NativeImage-Test\target\classes\com\maqboolsolutions\hsqldbgraalvmtest\Main.class to C:\Users\MAQBOO~1\AppData\Local\Temp\classes33897231926188321\com\maqboolsolutions\hsqldbgraalvmtest\Main.class
[Wed Jul 28 17:18:31 PKT 2021][FINE] Copied resource D:\NetBeansProjects\git-projects\HSQLDb-On-GraalVM-NativeImage-Test\target\classes\META-INF\native-image\reflect-config.json to C:\Users\MAQBOO~1\AppData\Local\Temp\classes33897231926188321\META-INF\native-image\reflect-config.json
[Wed Jul 28 17:18:31 PKT 2021][FINE] Copied resource D:\NetBeansProjects\git-projects\HSQLDb-On-GraalVM-NativeImage-Test\target\classes\META-INF\native-image\resource-config.json to C:\Users\MAQBOO~1\AppData\Local\Temp\classes33897231926188321\META-INF\native-image\resource-config.json
[Wed Jul 28 17:18:31 PKT 2021][FINE] PB Command for jar: D:\Programs\graalvm-svm-windows-gluon-21.2.0-dev\bin\jar.exe cf C:\Users\MAQBOO~1\AppData\Local\Temp\classes33897231926188321\classes.jar -C C:\Users\MAQBOO~1\AppData\Local\Temp\classes33897231926188321 .
[Wed Jul 28 17:18:31 PKT 2021][FINE] Start process jar...
[Wed Jul 28 17:18:33 PKT 2021][FINE] Result for jar: 0
[Wed Jul 28 17:18:33 PKT 2021][FINE] Scanning for resource bundles
[Wed Jul 28 17:18:33 PKT 2021][FINE] Scanning D:\.my-m2\repository\com\gluonhq\attach\storage\4.0.11\storage-4.0.11-desktop.jar
[Wed Jul 28 17:18:33 PKT 2021][FINE] Scanning D:\.my-m2\repository\com\gluonhq\attach\storage\4.0.11\storage-4.0.11.jar
[Wed Jul 28 17:18:33 PKT 2021][FINE] Scanning D:\.my-m2\repository\com\gluonhq\attach\util\4.0.11\util-4.0.11.jar
[Wed Jul 28 17:18:33 PKT 2021][FINE] Scanning D:\.my-m2\repository\org\hsqldb\hsqldb\2.6.0\hsqldb-2.6.0.jar
[Wed Jul 28 17:18:33 PKT 2021][FINE] Scanning C:\Users\MaqboolStudioPC\.gluon\substrate\javafxStaticSdk\17-ea+14\windows-x86_64\sdk\lib\javafx.base.jar
[Wed Jul 28 17:18:33 PKT 2021][FINE] Scanning C:\Users\MaqboolStudioPC\.gluon\substrate\javafxStaticSdk\17-ea+14\windows-x86_64\sdk\lib\javafx.controls.jar
[Wed Jul 28 17:18:33 PKT 2021][FINE] Adding classes from C:\Users\MaqboolStudioPC\.gluon\substrate\javafxStaticSdk\17-ea+14\windows-x86_64\sdk\lib\javafx.controls.jar::META-INF/substrate/config/resourcebundles
[Wed Jul 28 17:18:33 PKT 2021][FINE] Scanning C:\Users\MaqboolStudioPC\.gluon\substrate\javafxStaticSdk\17-ea+14\windows-x86_64\sdk\lib\javafx.graphics.jar
[Wed Jul 28 17:18:33 PKT 2021][FINE] Adding classes from C:\Users\MaqboolStudioPC\.gluon\substrate\javafxStaticSdk\17-ea+14\windows-x86_64\sdk\lib\javafx.graphics.jar::META-INF/substrate/config/resourcebundles
[Wed Jul 28 17:18:33 PKT 2021][FINE] Scanning C:\Users\MAQBOO~1\AppData\Local\Temp\classes33897231926188321\classes.jar
[Wed Jul 28 17:18:33 PKT 2021][FINE] Copied resource D:\.my-m2\repository\com\gluonhq\attach\storage\4.0.11\storage-4.0.11-desktop.jar to D:\NetBeansProjects\git-projects\HSQLDb-On-GraalVM-NativeImage-Test\target\gluonfx\x86_64-windows\gvm\tmp\deps\storage-4.0.11-desktop.jar
[Wed Jul 28 17:18:33 PKT 2021][FINE] Copied resource D:\.my-m2\repository\com\gluonhq\attach\storage\4.0.11\storage-4.0.11.jar to D:\NetBeansProjects\git-projects\HSQLDb-On-GraalVM-NativeImage-Test\target\gluonfx\x86_64-windows\gvm\tmp\deps\storage-4.0.11.jar
[Wed Jul 28 17:18:33 PKT 2021][FINE] Copied resource D:\.my-m2\repository\com\gluonhq\attach\util\4.0.11\util-4.0.11.jar to D:\NetBeansProjects\git-projects\HSQLDb-On-GraalVM-NativeImage-Test\target\gluonfx\x86_64-windows\gvm\tmp\deps\util-4.0.11.jar
[Wed Jul 28 17:18:33 PKT 2021][FINE] Copied resource D:\.my-m2\repository\org\hsqldb\hsqldb\2.6.0\hsqldb-2.6.0.jar to D:\NetBeansProjects\git-projects\HSQLDb-On-GraalVM-NativeImage-Test\target\gluonfx\x86_64-windows\gvm\tmp\deps\hsqldb-2.6.0.jar
[Wed Jul 28 17:18:33 PKT 2021][FINE] Copied resource C:\Users\MaqboolStudioPC\.gluon\substrate\javafxStaticSdk\17-ea+14\windows-x86_64\sdk\lib\javafx.base.jar to D:\NetBeansProjects\git-projects\HSQLDb-On-GraalVM-NativeImage-Test\target\gluonfx\x86_64-windows\gvm\tmp\deps\javafx.base.jar
[Wed Jul 28 17:18:33 PKT 2021][FINE] Copied resource C:\Users\MaqboolStudioPC\.gluon\substrate\javafxStaticSdk\17-ea+14\windows-x86_64\sdk\lib\javafx.controls.jar to D:\NetBeansProjects\git-projects\HSQLDb-On-GraalVM-NativeImage-Test\target\gluonfx\x86_64-windows\gvm\tmp\deps\javafx.controls.jar
[Wed Jul 28 17:18:33 PKT 2021][FINE] Copied resource C:\Users\MaqboolStudioPC\.gluon\substrate\javafxStaticSdk\17-ea+14\windows-x86_64\sdk\lib\javafx.graphics.jar to D:\NetBeansProjects\git-projects\HSQLDb-On-GraalVM-NativeImage-Test\target\gluonfx\x86_64-windows\gvm\tmp\deps\javafx.graphics.jar
[Wed Jul 28 17:18:33 PKT 2021][FINE] Class-Path manifest entry for pathing jar: ..\..\..\..\classes deps\storage-4.0.11-desktop.jar deps\storage-4.0.11.jar deps\util-4.0.11.jar deps\hsqldb-2.6.0.jar deps\javafx.base.jar deps\javafx.controls.jar deps\javafx.graphics.jar
[Wed Jul 28 17:18:33 PKT 2021][FINE] Pathing jar created at D:\NetBeansProjects\git-projects\HSQLDb-On-GraalVM-NativeImage-Test\target\gluonfx\x86_64-windows\gvm\tmp\classpathJar.jar
[Wed Jul 28 17:18:33 PKT 2021][FINE] PB Command for compile: D:\Programs\graalvm-svm-windows-gluon-21.2.0-dev\bin\native-image.cmd "-Djdk.internal.lambda.eagerlyInitialize=false" --no-server -H:+ExitAfterRelocatableImageWrite -H:+SharedLibrary -H:+AddAllCharsets -H:+ReportExceptionStackTraces -H:-DeadlockWatchdogExitOnTimeout "-H:DeadlockWatchdogInterval=0" -H:+RemoveSaturatedTypeFlows "--features=org.graalvm.home.HomeFinderFeature" "-H:TempDirectory=D:\NetBeansProjects\git-projects\HSQLDb-On-GraalVM-NativeImage-Test\target\gluonfx\x86_64-windows\gvm\tmp" "-H:EnableURLProtocols=http,https" "-H:ReflectionConfigurationFiles=D:\NetBeansProjects\git-projects\HSQLDb-On-GraalVM-NativeImage-Test\target\gluonfx\x86_64-windows\gvm\reflectionconfig-x86_64-windows.json" "-H:JNIConfigurationFiles=D:\NetBeansProjects\git-projects\HSQLDb-On-GraalVM-NativeImage-Test\target\gluonfx\x86_64-windows\gvm\jniconfig-x86_64-windows.json" "-H:ResourceConfigurationFiles=D:\NetBeansProjects\git-projects\HSQLDb-On-GraalVM-NativeImage-Test\target\gluonfx\x86_64-windows\gvm\resourceconfig-x86_64-windows.json" "-H:IncludeResourceBundles=com/sun/javafx/scene/control/skin/resources/controls,com/sun/javafx/scene/control/skin/resources/controls-nt,com.sun.javafx.tk.quantum.QuantumMessagesBundle" "-Dsvm.platform=org.graalvm.nativeimage.Platform$WINDOWS_AMD64" -cp "D:\NetBeansProjects\git-projects\HSQLDb-On-GraalVM-NativeImage-Test\target\gluonfx\x86_64-windows\gvm\tmp\classpathJar.jar" com.maqboolsolutions.hsqldbgraalvmtest.Main
[Wed Jul 28 17:18:33 PKT 2021][FINE] Start process compile...
[Wed Jul 28 17:18:36 PKT 2021][INFO] [SUB] Warning: Ignoring server-mode native-image argument --no-server.
[Wed Jul 28 17:18:49 PKT 2021][INFO] [SUB] [com.maqboolsolutions.hsqldbgraalvmtest.main:12896]    classlist:   9,155.50 ms,  0.96 GB
[Wed Jul 28 17:19:02 PKT 2021][INFO] [SUB] [com.maqboolsolutions.hsqldbgraalvmtest.main:12896]        (cap):  11,015.33 ms,  0.96 GB
[Wed Jul 28 17:19:06 PKT 2021][INFO] [SUB] [com.maqboolsolutions.hsqldbgraalvmtest.main:12896]        setup:  16,897.46 ms,  0.96 GB
[Wed Jul 28 17:20:47 PKT 2021][INFO] [SUB] [com.maqboolsolutions.hsqldbgraalvmtest.main:12896]     (clinit):   2,334.96 ms,  4.32 GB
[Wed Jul 28 17:20:47 PKT 2021][INFO] [SUB] [com.maqboolsolutions.hsqldbgraalvmtest.main:12896]   (typeflow):  50,573.55 ms,  4.32 GB
[Wed Jul 28 17:20:47 PKT 2021][INFO] [SUB] [com.maqboolsolutions.hsqldbgraalvmtest.main:12896]    (objects):  39,805.76 ms,  4.32 GB
[Wed Jul 28 17:20:47 PKT 2021][INFO] [SUB] [com.maqboolsolutions.hsqldbgraalvmtest.main:12896]   (features):   5,163.20 ms,  4.32 GB
[Wed Jul 28 17:20:47 PKT 2021][INFO] [SUB] [com.maqboolsolutions.hsqldbgraalvmtest.main:12896]     analysis: 100,181.60 ms,  4.32 GB
[Wed Jul 28 17:20:53 PKT 2021][INFO] [SUB] [com.maqboolsolutions.hsqldbgraalvmtest.main:12896]     universe:   5,483.18 ms,  4.32 GB
[Wed Jul 28 17:21:11 PKT 2021][INFO] [SUB] [com.maqboolsolutions.hsqldbgraalvmtest.main:12896]      (parse):  17,669.73 ms,  5.28 GB
[Wed Jul 28 17:21:27 PKT 2021][INFO] [SUB] [com.maqboolsolutions.hsqldbgraalvmtest.main:12896]     (inline):  16,129.68 ms,  5.13 GB
[Wed Jul 28 17:22:24 PKT 2021][INFO] [SUB] [com.maqboolsolutions.hsqldbgraalvmtest.main:12896]    (compile):  54,033.95 ms,  5.39 GB
[Wed Jul 28 17:22:27 PKT 2021][INFO] [SUB] [com.maqboolsolutions.hsqldbgraalvmtest.main:12896]      compile:  94,222.97 ms,  5.39 GB
[Wed Jul 28 17:22:37 PKT 2021][INFO] [SUB] [com.maqboolsolutions.hsqldbgraalvmtest.main:12896]        image:   9,798.99 ms,  5.36 GB
[Wed Jul 28 17:22:41 PKT 2021][INFO] [SUB] [com.maqboolsolutions.hsqldbgraalvmtest.main:12896]        write:   4,039.56 ms,  5.36 GB
[Wed Jul 28 17:22:41 PKT 2021][INFO] [SUB] [com.maqboolsolutions.hsqldbgraalvmtest.main:12896]      [total]: 240,949.99 ms,  5.36 GB
[Wed Jul 28 17:22:42 PKT 2021][INFO] [SUB] # Printing build artifacts to: D:\NetBeansProjects\git-projects\HSQLDb-On-GraalVM-NativeImage-Test\target\gluonfx\x86_64-windows\gvm\HSQLDbOnGraalVMNativeImageTest\com.maqboolsolutions.hsqldbgraalvmtest.main.build_artifacts.txt
[Wed Jul 28 17:22:53 PKT 2021][FINE] Result for compile: 0
[Wed Jul 28 17:22:54 PKT 2021][FINE] Logging process [compile] to file: D:\NetBeansProjects\git-projects\HSQLDb-On-GraalVM-NativeImage-Test\target\gluonfx\log\process-compile-1627474974864.log
[Wed Jul 28 17:22:55 PKT 2021][FINE] PB Command for java-version: D:\Programs\graalvm-svm-windows-gluon-21.2.0-dev\bin\java --version
[Wed Jul 28 17:22:55 PKT 2021][FINE] Start process java-version...
[Wed Jul 28 17:23:02 PKT 2021][FINE] [SUB] openjdk 11.0.11 2021-04-20
[Wed Jul 28 17:23:02 PKT 2021][FINE] [SUB] OpenJDK Runtime Environment GraalVM 21.2.0-dev (build 11.0.11+8-jvmci-21.2-b02)
[Wed Jul 28 17:23:02 PKT 2021][FINE] [SUB] OpenJDK 64-Bit Server VM GraalVM 21.2.0-dev (build 11.0.11+8-jvmci-21.2-b02, mixed mode, sharing)
[Wed Jul 28 17:23:02 PKT 2021][FINE] Result for java-version: 0
[Wed Jul 28 17:23:45 PKT 2021][INFO] ==================== RUN TASK ====================
[Wed Jul 28 17:23:46 PKT 2021][FINE] PB Command for run until end: D:\NetBeansProjects\git-projects\HSQLDb-On-GraalVM-NativeImage-Test\target\gluonfx\x86_64-windows\HSQLDbOnGraalVMNativeImageTest.exe
[Wed Jul 28 17:23:46 PKT 2021][FINE] Start process run until end...
[Wed Jul 28 17:23:47 PKT 2021][INFO] [SUB] Jul 28, 2021 5:23:47 PM com.sun.javafx.application.PlatformImpl startup
[Wed Jul 28 17:23:47 PKT 2021][INFO] [SUB] WARNING: Unsupported JavaFX configuration: classes were loaded from 'unnamed module @2184b4f4'
[Wed Jul 28 17:23:57 PKT 2021][INFO] [SUB] Jul 28, 2021 5:23:57 PM com.gluonhq.attach.util.Platform <clinit>
[Wed Jul 28 17:23:57 PKT 2021][INFO] [SUB] INFO: javafx.platform is not defined. Desktop will be assumed by default.
[Wed Jul 28 17:26:36 PKT 2021][FINE] Result for run until end: 0
