Process
=======
compile

Command Line
============
/mnt/d/Programs/graalvm-svm-linux-gluon-21.2.0-dev/bin/native-image -Djdk.internal.lambda.eagerlyInitialize=false --no-server -H:+ExitAfterRelocatableImageWrite -H:+SharedLibrary -H:+AddAllCharsets -H:+ReportExceptionStackTraces -H:-DeadlockWatchdogExitOnTimeout -H:DeadlockWatchdogInterval=0 -H:+RemoveSaturatedTypeFlows --features=org.graalvm.home.HomeFinderFeature -H:TempDirectory=/mnt/d/NetBeansProjects/git-projects/HSQLDb-On-GraalVM-NativeImage-Test/target/gluonfx/aarch64-android/gvm/tmp -H:EnableURLProtocols=http,https -H:ReflectionConfigurationFiles=/mnt/d/NetBeansProjects/git-projects/HSQLDb-On-GraalVM-NativeImage-Test/target/gluonfx/aarch64-android/gvm/reflectionconfig-aarch64-android.json -H:JNIConfigurationFiles=/mnt/d/NetBeansProjects/git-projects/HSQLDb-On-GraalVM-NativeImage-Test/target/gluonfx/aarch64-android/gvm/jniconfig-aarch64-android.json -H:ResourceConfigurationFiles=/mnt/d/NetBeansProjects/git-projects/HSQLDb-On-GraalVM-NativeImage-Test/target/gluonfx/aarch64-android/gvm/resourceconfig-aarch64-android.json -H:-SpawnIsolates -Dsvm.targetArch=aarch64 -H:+ForceNoROSectionRelocations --libc=bionic -H:+UseCAPCache -H:CAPCacheDir=/mnt/d/NetBeansProjects/git-projects/HSQLDb-On-GraalVM-NativeImage-Test/target/gluonfx/aarch64-android/gvm/capcache -H:CompilerBackend=lir -H:IncludeResourceBundles=com/sun/javafx/scene/control/skin/resources/controls,com/sun/javafx/scene/control/skin/resources/controls-nt,com.sun.javafx.tk.quantum.QuantumMessagesBundle -Dsvm.platform=org.graalvm.nativeimage.Platform$LINUX_AARCH64 -cp /mnt/d/NetBeansProjects/git-projects/HSQLDb-On-GraalVM-NativeImage-Test/target/gluonfx/aarch64-android/gvm/tmp/classpathJar.jar com.maqboolsolutions.hsqldbgraalvmtest.Main

Output
======
Warning: Ignoring server-mode native-image argument --no-server.
[com.maqboolsolutions.hsqldbgraalvmtest.main:223]    classlist:   7,772.70 ms,  0.94 GB
[com.maqboolsolutions.hsqldbgraalvmtest.main:223]        (cap):     560.94 ms,  0.94 GB
[com.maqboolsolutions.hsqldbgraalvmtest.main:223]        setup:   4,081.43 ms,  0.94 GB
[com.maqboolsolutions.hsqldbgraalvmtest.main:223]     (clinit):   1,189.57 ms,  4.16 GB
[com.maqboolsolutions.hsqldbgraalvmtest.main:223]   (typeflow):  68,591.56 ms,  4.16 GB
[com.maqboolsolutions.hsqldbgraalvmtest.main:223]    (objects):  46,431.53 ms,  4.16 GB
[com.maqboolsolutions.hsqldbgraalvmtest.main:223]   (features):  17,169.81 ms,  4.16 GB
[com.maqboolsolutions.hsqldbgraalvmtest.main:223]     analysis: 136,136.36 ms,  4.16 GB
[com.maqboolsolutions.hsqldbgraalvmtest.main:223]     universe:   4,496.78 ms,  4.16 GB
[com.maqboolsolutions.hsqldbgraalvmtest.main:223]      (parse):   5,539.26 ms,  3.95 GB
[com.maqboolsolutions.hsqldbgraalvmtest.main:223]     (inline):  40,171.69 ms,  4.92 GB
[com.maqboolsolutions.hsqldbgraalvmtest.main:223]    (compile):  67,925.55 ms,  5.12 GB
[com.maqboolsolutions.hsqldbgraalvmtest.main:223]      compile: 120,445.02 ms,  5.12 GB
[com.maqboolsolutions.hsqldbgraalvmtest.main:223]        image:  15,786.53 ms,  5.21 GB
[com.maqboolsolutions.hsqldbgraalvmtest.main:223]        write:   7,210.21 ms,  5.21 GB
[com.maqboolsolutions.hsqldbgraalvmtest.main:223]      [total]: 297,192.20 ms,  5.21 GB
# Printing build artifacts to: /mnt/d/NetBeansProjects/git-projects/HSQLDb-On-GraalVM-NativeImage-Test/target/gluonfx/aarch64-android/gvm/HSQLDbOnGraalVMNativeImageTest/com.maqboolsolutions.hsqldbgraalvmtest.main.build_artifacts.txt


Result
======
result: 0