[Sat Jul 31 10:20:54 PKT 2021][INFO] ==================== COMPILE TASK ====================
[Sat Jul 31 10:20:59 PKT 2021][FINE] PB Command for check version: /mnt/d/Programs/graalvm-svm-linux-gluon-21.2.0-dev/bin/java -version
[Sat Jul 31 10:20:59 PKT 2021][FINE] Start process check version...
[Sat Jul 31 10:20:59 PKT 2021][FINE] [SUB] openjdk version "11.0.11" 2021-04-20
[Sat Jul 31 10:20:59 PKT 2021][FINE] [SUB] OpenJDK Runtime Environment GraalVM 21.2.0-dev (build 11.0.11+8-jvmci-21.2-b02)
[Sat Jul 31 10:20:59 PKT 2021][FINE] [SUB] OpenJDK 64-Bit Server VM GraalVM 21.2.0-dev (build 11.0.11+8-jvmci-21.2-b02, mixed mode, sharing)
[Sat Jul 31 10:20:59 PKT 2021][FINE] Result for check version: 0
[Sat Jul 31 10:20:59 PKT 2021][INFO] We will now compile your code for aarch64-linux-android. This may take some time.
[Sat Jul 31 10:20:59 PKT 2021][FINE] Extracting native libs to: /mnt/d/NetBeansProjects/git-projects/HSQLDb-On-GraalVM-NativeImage-Test/target/gluonfx/aarch64-android/gvm/lib
[Sat Jul 31 10:20:59 PKT 2021][FINE] PB Command for objdump: /mnt/d/AndroidSDKLinux/ndk-bundle/toolchains/llvm/prebuilt/linux-x86_64/aarch64-linux-android/bin/objdump -f /mnt/d/NetBeansProjects/git-projects/HSQLDb-On-GraalVM-NativeImage-Test/target/gluonfx/aarch64-android/gvm/lib/libstorage.a
[Sat Jul 31 10:20:59 PKT 2021][FINE] Start process objdump...
[Sat Jul 31 10:20:59 PKT 2021][FINE] [SUB] In archive /mnt/d/NetBeansProjects/git-projects/HSQLDb-On-GraalVM-NativeImage-Test/target/gluonfx/aarch64-android/gvm/lib/libstorage.a:
[Sat Jul 31 10:20:59 PKT 2021][FINE] [SUB] 
[Sat Jul 31 10:20:59 PKT 2021][FINE] [SUB] storage.o:     file format elf64-littleaarch64
[Sat Jul 31 10:20:59 PKT 2021][FINE] [SUB] architecture: aarch64, flags 0x00000011:
[Sat Jul 31 10:20:59 PKT 2021][FINE] [SUB] HAS_RELOC, HAS_SYMS
[Sat Jul 31 10:20:59 PKT 2021][FINE] [SUB] start address 0x0000000000000000
[Sat Jul 31 10:20:59 PKT 2021][FINE] [SUB] 
[Sat Jul 31 10:20:59 PKT 2021][FINE] Result for objdump: 0
[Sat Jul 31 10:20:59 PKT 2021][FINE] PB Command for objdump: /mnt/d/AndroidSDKLinux/ndk-bundle/toolchains/llvm/prebuilt/linux-x86_64/aarch64-linux-android/bin/objdump -f /mnt/d/NetBeansProjects/git-projects/HSQLDb-On-GraalVM-NativeImage-Test/target/gluonfx/aarch64-android/gvm/lib/libutil.a
[Sat Jul 31 10:20:59 PKT 2021][FINE] Start process objdump...
[Sat Jul 31 10:20:59 PKT 2021][FINE] [SUB] In archive /mnt/d/NetBeansProjects/git-projects/HSQLDb-On-GraalVM-NativeImage-Test/target/gluonfx/aarch64-android/gvm/lib/libutil.a:
[Sat Jul 31 10:20:59 PKT 2021][FINE] [SUB] 
[Sat Jul 31 10:20:59 PKT 2021][FINE] [SUB] util.o:     file format elf64-littleaarch64
[Sat Jul 31 10:20:59 PKT 2021][FINE] [SUB] architecture: aarch64, flags 0x00000011:
[Sat Jul 31 10:20:59 PKT 2021][FINE] [SUB] HAS_RELOC, HAS_SYMS
[Sat Jul 31 10:20:59 PKT 2021][FINE] [SUB] start address 0x0000000000000000
[Sat Jul 31 10:20:59 PKT 2021][FINE] [SUB] 
[Sat Jul 31 10:20:59 PKT 2021][FINE] Result for objdump: 0
[Sat Jul 31 10:20:59 PKT 2021][FINE] Looking for resource: /native/android/c/launcher.c
[Sat Jul 31 10:20:59 PKT 2021][FINE] Looking for resource: /native/android/c/javafx_adapter.c
[Sat Jul 31 10:20:59 PKT 2021][FINE] Looking for resource: /native/android/c/touch_events.c
[Sat Jul 31 10:20:59 PKT 2021][FINE] Looking for resource: /native/android/c/glibc_shim.c
[Sat Jul 31 10:20:59 PKT 2021][FINE] Looking for resource: /native/android/c/attach_adapter.c
[Sat Jul 31 10:20:59 PKT 2021][FINE] Looking for resource: /native/android/c/logger.c
[Sat Jul 31 10:20:59 PKT 2021][FINE] Looking for resource: /native/android/c/grandroid.h
[Sat Jul 31 10:20:59 PKT 2021][FINE] Looking for resource: /native/android/c/grandroid_ext.h
[Sat Jul 31 10:20:59 PKT 2021][FINE] PB Command for compile-additional-sources: /mnt/d/AndroidSDKLinux/ndk-bundle/toolchains/llvm/prebuilt/linux-x86_64/bin/clang -c -DSUBSTRATE -target aarch64-linux-android -I. -I/mnt/d/NetBeansProjects/git-projects/HSQLDb-On-GraalVM-NativeImage-Test/target/gluonfx/aarch64-android/gvm/HSQLDbOnGraalVMNativeImageTest launcher.c javafx_adapter.c touch_events.c glibc_shim.c attach_adapter.c logger.c
[Sat Jul 31 10:20:59 PKT 2021][FINE] Start process compile-additional-sources...
[Sat Jul 31 10:21:00 PKT 2021][FINE] [SUB] launcher.c:52:12: warning: 'extern' variable has an initializer [-Wextern-initializer]
[Sat Jul 31 10:21:00 PKT 2021][FINE] [SUB] extern int __svm_vm_is_static_binary __attribute__((weak)) = 1;
[Sat Jul 31 10:21:00 PKT 2021][FINE] [SUB]            ^
[Sat Jul 31 10:21:00 PKT 2021][FINE] [SUB] 1 warning generated.
[Sat Jul 31 10:21:01 PKT 2021][FINE] [SUB] javafx_adapter.c:114:5: warning: incompatible pointer types passing 'void **' to parameter of type 'JNIEnv **' (aka 'const struct JNINativeInterface ***') [-Wincompatible-pointer-types]
[Sat Jul 31 10:21:01 PKT 2021][FINE] [SUB]     ATTACH_DALVIK();
[Sat Jul 31 10:21:01 PKT 2021][FINE] [SUB]     ^~~~~~~~~~~~~~~
[Sat Jul 31 10:21:01 PKT 2021][FINE] [SUB] ./grandroid_ext.h:81:56: note: expanded from macro 'ATTACH_DALVIK'
[Sat Jul 31 10:21:01 PKT 2021][FINE] [SUB]     (*dalvikVM)->AttachCurrentThreadAsDaemon(dalvikVM, (void **) &dalvikEnv, NULL); \
[Sat Jul 31 10:21:01 PKT 2021][FINE] [SUB]                                                        ^~~~~~~~~~~~~~~~~~~~
[Sat Jul 31 10:21:01 PKT 2021][FINE] [SUB] javafx_adapter.c:135:5: warning: incompatible pointer types passing 'void **' to parameter of type 'JNIEnv **' (aka 'const struct JNINativeInterface ***') [-Wincompatible-pointer-types]
[Sat Jul 31 10:21:01 PKT 2021][FINE] [SUB]     ATTACH_DALVIK();
[Sat Jul 31 10:21:01 PKT 2021][FINE] [SUB]     ^~~~~~~~~~~~~~~
[Sat Jul 31 10:21:01 PKT 2021][FINE] [SUB] ./grandroid_ext.h:81:56: note: expanded from macro 'ATTACH_DALVIK'
[Sat Jul 31 10:21:01 PKT 2021][FINE] [SUB]     (*dalvikVM)->AttachCurrentThreadAsDaemon(dalvikVM, (void **) &dalvikEnv, NULL); \
[Sat Jul 31 10:21:01 PKT 2021][FINE] [SUB]                                                        ^~~~~~~~~~~~~~~~~~~~
[Sat Jul 31 10:21:01 PKT 2021][FINE] [SUB] 2 warnings generated.
[Sat Jul 31 10:21:01 PKT 2021][FINE] Result for compile-additional-sources: 0
[Sat Jul 31 10:21:01 PKT 2021][FINE] Copied resource /mnt/d/NetBeansProjects/git-projects/HSQLDb-On-GraalVM-NativeImage-Test/target/classes/com/maqboolsolutions/hsqldbgraalvmtest/Main.class to /tmp/classes18285537879560295886/com/maqboolsolutions/hsqldbgraalvmtest/Main.class
[Sat Jul 31 10:21:01 PKT 2021][FINE] Copied resource /mnt/d/NetBeansProjects/git-projects/HSQLDb-On-GraalVM-NativeImage-Test/target/classes/log4j.xml to /tmp/classes18285537879560295886/log4j.xml
[Sat Jul 31 10:21:01 PKT 2021][FINE] Copied resource /mnt/d/NetBeansProjects/git-projects/HSQLDb-On-GraalVM-NativeImage-Test/target/classes/META-INF/native-image/reflect-config.json to /tmp/classes18285537879560295886/META-INF/native-image/reflect-config.json
[Sat Jul 31 10:21:01 PKT 2021][FINE] Copied resource /mnt/d/NetBeansProjects/git-projects/HSQLDb-On-GraalVM-NativeImage-Test/target/classes/META-INF/native-image/resource-config.json to /tmp/classes18285537879560295886/META-INF/native-image/resource-config.json
[Sat Jul 31 10:21:01 PKT 2021][FINE] PB Command for jar: /mnt/d/Programs/graalvm-svm-linux-gluon-21.2.0-dev/bin/jar cf /tmp/classes18285537879560295886/classes.jar -C /tmp/classes18285537879560295886 .
[Sat Jul 31 10:21:01 PKT 2021][FINE] Start process jar...
[Sat Jul 31 10:21:02 PKT 2021][FINE] Result for jar: 0
[Sat Jul 31 10:21:02 PKT 2021][FINE] Scanning for init build time files
[Sat Jul 31 10:21:02 PKT 2021][FINE] Scanning /mnt/d/.my-m2/repository/com/gluonhq/attach/storage/4.0.11/storage-4.0.11-android.jar
[Sat Jul 31 10:21:02 PKT 2021][FINE] Scanning /mnt/d/.my-m2/repository/com/gluonhq/attach/storage/4.0.11/storage-4.0.11.jar
[Sat Jul 31 10:21:02 PKT 2021][FINE] Scanning /home/maqboolstudiopc/.m2/repository/com/gluonhq/attach/util/4.0.11/util-4.0.11-android.jar
[Sat Jul 31 10:21:02 PKT 2021][FINE] Scanning /mnt/d/.my-m2/repository/com/gluonhq/attach/util/4.0.11/util-4.0.11.jar
[Sat Jul 31 10:21:02 PKT 2021][FINE] Scanning /mnt/d/.my-m2/repository/log4j/log4j/1.2.17/log4j-1.2.17.jar
[Sat Jul 31 10:21:02 PKT 2021][FINE] Scanning /mnt/d/.my-m2/repository/org/hsqldb/hsqldb/2.6.0-jdk6/hsqldb-2.6.0-jdk6.jar
[Sat Jul 31 10:21:02 PKT 2021][FINE] Scanning /home/maqboolstudiopc/.gluon/substrate/javafxStaticSdk/17-ea+14/android-aarch64/sdk/lib/javafx.base.jar
[Sat Jul 31 10:21:02 PKT 2021][FINE] Scanning /home/maqboolstudiopc/.gluon/substrate/javafxStaticSdk/17-ea+14/android-aarch64/sdk/lib/javafx.controls.jar
[Sat Jul 31 10:21:02 PKT 2021][FINE] Scanning /home/maqboolstudiopc/.gluon/substrate/javafxStaticSdk/17-ea+14/android-aarch64/sdk/lib/javafx.graphics.jar
[Sat Jul 31 10:21:02 PKT 2021][FINE] Scanning /mnt/d/.my-m2/repository/org/slf4j/slf4j-api/1.7.30/slf4j-api-1.7.30.jar
[Sat Jul 31 10:21:02 PKT 2021][FINE] Scanning /mnt/d/.my-m2/repository/org/slf4j/slf4j-log4j12/1.7.30/slf4j-log4j12-1.7.30.jar
[Sat Jul 31 10:21:02 PKT 2021][FINE] Scanning /tmp/classes18285537879560295886/classes.jar
[Sat Jul 31 10:21:02 PKT 2021][FINE] Scanning for reflection files
[Sat Jul 31 10:21:02 PKT 2021][FINE] Scanning /mnt/d/.my-m2/repository/com/gluonhq/attach/storage/4.0.11/storage-4.0.11-android.jar
[Sat Jul 31 10:21:02 PKT 2021][FINE] Adding classes from /mnt/d/.my-m2/repository/com/gluonhq/attach/storage/4.0.11/storage-4.0.11-android.jar::META-INF/substrate/config/reflectionconfig-aarch64-android.json
[Sat Jul 31 10:21:02 PKT 2021][FINE] Scanning /mnt/d/.my-m2/repository/com/gluonhq/attach/storage/4.0.11/storage-4.0.11.jar
[Sat Jul 31 10:21:02 PKT 2021][FINE] Scanning /home/maqboolstudiopc/.m2/repository/com/gluonhq/attach/util/4.0.11/util-4.0.11-android.jar
[Sat Jul 31 10:21:02 PKT 2021][FINE] Scanning /mnt/d/.my-m2/repository/com/gluonhq/attach/util/4.0.11/util-4.0.11.jar
[Sat Jul 31 10:21:02 PKT 2021][FINE] Scanning /mnt/d/.my-m2/repository/log4j/log4j/1.2.17/log4j-1.2.17.jar
[Sat Jul 31 10:21:02 PKT 2021][FINE] Scanning /mnt/d/.my-m2/repository/org/hsqldb/hsqldb/2.6.0-jdk6/hsqldb-2.6.0-jdk6.jar
[Sat Jul 31 10:21:02 PKT 2021][FINE] Scanning /home/maqboolstudiopc/.gluon/substrate/javafxStaticSdk/17-ea+14/android-aarch64/sdk/lib/javafx.base.jar
[Sat Jul 31 10:21:02 PKT 2021][FINE] Adding classes from /home/maqboolstudiopc/.gluon/substrate/javafxStaticSdk/17-ea+14/android-aarch64/sdk/lib/javafx.base.jar::META-INF/substrate/config/reflectionconfig.json
[Sat Jul 31 10:21:02 PKT 2021][FINE] Scanning /home/maqboolstudiopc/.gluon/substrate/javafxStaticSdk/17-ea+14/android-aarch64/sdk/lib/javafx.controls.jar
[Sat Jul 31 10:21:02 PKT 2021][FINE] Adding classes from /home/maqboolstudiopc/.gluon/substrate/javafxStaticSdk/17-ea+14/android-aarch64/sdk/lib/javafx.controls.jar::META-INF/substrate/config/reflectionconfig.json
[Sat Jul 31 10:21:02 PKT 2021][FINE] Adding classes from /home/maqboolstudiopc/.gluon/substrate/javafxStaticSdk/17-ea+14/android-aarch64/sdk/lib/javafx.controls.jar::META-INF/substrate/config/reflectionconfig-aarch64-android.json
[Sat Jul 31 10:21:02 PKT 2021][FINE] Scanning /home/maqboolstudiopc/.gluon/substrate/javafxStaticSdk/17-ea+14/android-aarch64/sdk/lib/javafx.graphics.jar
[Sat Jul 31 10:21:02 PKT 2021][FINE] Adding classes from /home/maqboolstudiopc/.gluon/substrate/javafxStaticSdk/17-ea+14/android-aarch64/sdk/lib/javafx.graphics.jar::META-INF/substrate/config/reflectionconfig.json
[Sat Jul 31 10:21:02 PKT 2021][FINE] Adding classes from /home/maqboolstudiopc/.gluon/substrate/javafxStaticSdk/17-ea+14/android-aarch64/sdk/lib/javafx.graphics.jar::META-INF/substrate/config/reflectionconfig-aarch64-android.json
[Sat Jul 31 10:21:02 PKT 2021][FINE] Scanning /mnt/d/.my-m2/repository/org/slf4j/slf4j-api/1.7.30/slf4j-api-1.7.30.jar
[Sat Jul 31 10:21:02 PKT 2021][FINE] Scanning /mnt/d/.my-m2/repository/org/slf4j/slf4j-log4j12/1.7.30/slf4j-log4j12-1.7.30.jar
[Sat Jul 31 10:21:02 PKT 2021][FINE] Scanning /tmp/classes18285537879560295886/classes.jar
[Sat Jul 31 10:21:02 PKT 2021][FINE] Scanning for JNI files
[Sat Jul 31 10:21:02 PKT 2021][FINE] Scanning /mnt/d/.my-m2/repository/com/gluonhq/attach/storage/4.0.11/storage-4.0.11-android.jar
[Sat Jul 31 10:21:02 PKT 2021][FINE] Scanning /mnt/d/.my-m2/repository/com/gluonhq/attach/storage/4.0.11/storage-4.0.11.jar
[Sat Jul 31 10:21:02 PKT 2021][FINE] Scanning /home/maqboolstudiopc/.m2/repository/com/gluonhq/attach/util/4.0.11/util-4.0.11-android.jar
[Sat Jul 31 10:21:02 PKT 2021][FINE] Scanning /mnt/d/.my-m2/repository/com/gluonhq/attach/util/4.0.11/util-4.0.11.jar
[Sat Jul 31 10:21:02 PKT 2021][FINE] Scanning /mnt/d/.my-m2/repository/log4j/log4j/1.2.17/log4j-1.2.17.jar
[Sat Jul 31 10:21:02 PKT 2021][FINE] Scanning /mnt/d/.my-m2/repository/org/hsqldb/hsqldb/2.6.0-jdk6/hsqldb-2.6.0-jdk6.jar
[Sat Jul 31 10:21:02 PKT 2021][FINE] Scanning /home/maqboolstudiopc/.gluon/substrate/javafxStaticSdk/17-ea+14/android-aarch64/sdk/lib/javafx.base.jar
[Sat Jul 31 10:21:02 PKT 2021][FINE] Scanning /home/maqboolstudiopc/.gluon/substrate/javafxStaticSdk/17-ea+14/android-aarch64/sdk/lib/javafx.controls.jar
[Sat Jul 31 10:21:02 PKT 2021][FINE] Scanning /home/maqboolstudiopc/.gluon/substrate/javafxStaticSdk/17-ea+14/android-aarch64/sdk/lib/javafx.graphics.jar
[Sat Jul 31 10:21:02 PKT 2021][FINE] Adding classes from /home/maqboolstudiopc/.gluon/substrate/javafxStaticSdk/17-ea+14/android-aarch64/sdk/lib/javafx.graphics.jar::META-INF/substrate/config/jniconfig.json
[Sat Jul 31 10:21:02 PKT 2021][FINE] Adding classes from /home/maqboolstudiopc/.gluon/substrate/javafxStaticSdk/17-ea+14/android-aarch64/sdk/lib/javafx.graphics.jar::META-INF/substrate/config/jniconfig-aarch64-android.json
[Sat Jul 31 10:21:02 PKT 2021][FINE] Scanning /mnt/d/.my-m2/repository/org/slf4j/slf4j-api/1.7.30/slf4j-api-1.7.30.jar
[Sat Jul 31 10:21:02 PKT 2021][FINE] Scanning /mnt/d/.my-m2/repository/org/slf4j/slf4j-log4j12/1.7.30/slf4j-log4j12-1.7.30.jar
[Sat Jul 31 10:21:02 PKT 2021][FINE] Scanning /tmp/classes18285537879560295886/classes.jar
[Sat Jul 31 10:21:02 PKT 2021][FINE] Scanning for resource files
[Sat Jul 31 10:21:02 PKT 2021][FINE] Scanning /mnt/d/.my-m2/repository/com/gluonhq/attach/storage/4.0.11/storage-4.0.11-android.jar
[Sat Jul 31 10:21:02 PKT 2021][FINE] Scanning /mnt/d/.my-m2/repository/com/gluonhq/attach/storage/4.0.11/storage-4.0.11.jar
[Sat Jul 31 10:21:02 PKT 2021][FINE] Scanning /home/maqboolstudiopc/.m2/repository/com/gluonhq/attach/util/4.0.11/util-4.0.11-android.jar
[Sat Jul 31 10:21:02 PKT 2021][FINE] Scanning /mnt/d/.my-m2/repository/com/gluonhq/attach/util/4.0.11/util-4.0.11.jar
[Sat Jul 31 10:21:02 PKT 2021][FINE] Scanning /mnt/d/.my-m2/repository/log4j/log4j/1.2.17/log4j-1.2.17.jar
[Sat Jul 31 10:21:02 PKT 2021][FINE] Scanning /mnt/d/.my-m2/repository/org/hsqldb/hsqldb/2.6.0-jdk6/hsqldb-2.6.0-jdk6.jar
[Sat Jul 31 10:21:02 PKT 2021][FINE] Scanning /home/maqboolstudiopc/.gluon/substrate/javafxStaticSdk/17-ea+14/android-aarch64/sdk/lib/javafx.base.jar
[Sat Jul 31 10:21:02 PKT 2021][FINE] Scanning /home/maqboolstudiopc/.gluon/substrate/javafxStaticSdk/17-ea+14/android-aarch64/sdk/lib/javafx.controls.jar
[Sat Jul 31 10:21:02 PKT 2021][FINE] Scanning /home/maqboolstudiopc/.gluon/substrate/javafxStaticSdk/17-ea+14/android-aarch64/sdk/lib/javafx.graphics.jar
[Sat Jul 31 10:21:02 PKT 2021][FINE] Scanning /mnt/d/.my-m2/repository/org/slf4j/slf4j-api/1.7.30/slf4j-api-1.7.30.jar
[Sat Jul 31 10:21:02 PKT 2021][FINE] Scanning /mnt/d/.my-m2/repository/org/slf4j/slf4j-log4j12/1.7.30/slf4j-log4j12-1.7.30.jar
[Sat Jul 31 10:21:02 PKT 2021][FINE] Scanning /tmp/classes18285537879560295886/classes.jar
[Sat Jul 31 10:21:02 PKT 2021][FINE] FileSystem for resource jar:file:/mnt/d/.my-m2/repository/com/gluonhq/substrate/0.0.44-SNAPSHOT/substrate-0.0.44-SNAPSHOT.jar!/com/gluonhq/substrate/ not found. Trying to create a new FileSystem instead.
[Sat Jul 31 10:21:02 PKT 2021][FINE] Created FileSystem for resource jar:file:/mnt/d/.my-m2/repository/com/gluonhq/substrate/0.0.44-SNAPSHOT/substrate-0.0.44-SNAPSHOT.jar!/com/gluonhq/substrate/: /mnt/d/.my-m2/repository/com/gluonhq/substrate/0.0.44-SNAPSHOT/substrate-0.0.44-SNAPSHOT.jar
[Sat Jul 31 10:21:02 PKT 2021][FINE] Copied resource /mnt/d/NetBeansProjects/git-projects/HSQLDb-On-GraalVM-NativeImage-Test/target/classes/com/maqboolsolutions/hsqldbgraalvmtest/Main.class to /tmp/classes11948842617081225433/com/maqboolsolutions/hsqldbgraalvmtest/Main.class
[Sat Jul 31 10:21:02 PKT 2021][FINE] Copied resource /mnt/d/NetBeansProjects/git-projects/HSQLDb-On-GraalVM-NativeImage-Test/target/classes/log4j.xml to /tmp/classes11948842617081225433/log4j.xml
[Sat Jul 31 10:21:02 PKT 2021][FINE] Copied resource /mnt/d/NetBeansProjects/git-projects/HSQLDb-On-GraalVM-NativeImage-Test/target/classes/META-INF/native-image/reflect-config.json to /tmp/classes11948842617081225433/META-INF/native-image/reflect-config.json
[Sat Jul 31 10:21:02 PKT 2021][FINE] Copied resource /mnt/d/NetBeansProjects/git-projects/HSQLDb-On-GraalVM-NativeImage-Test/target/classes/META-INF/native-image/resource-config.json to /tmp/classes11948842617081225433/META-INF/native-image/resource-config.json
[Sat Jul 31 10:21:02 PKT 2021][FINE] PB Command for jar: /mnt/d/Programs/graalvm-svm-linux-gluon-21.2.0-dev/bin/jar cf /tmp/classes11948842617081225433/classes.jar -C /tmp/classes11948842617081225433 .
[Sat Jul 31 10:21:02 PKT 2021][FINE] Start process jar...
[Sat Jul 31 10:21:02 PKT 2021][FINE] Result for jar: 0
[Sat Jul 31 10:21:02 PKT 2021][FINE] Scanning for resource bundles
[Sat Jul 31 10:21:02 PKT 2021][FINE] Scanning /mnt/d/.my-m2/repository/com/gluonhq/attach/storage/4.0.11/storage-4.0.11-android.jar
[Sat Jul 31 10:21:02 PKT 2021][FINE] Scanning /mnt/d/.my-m2/repository/com/gluonhq/attach/storage/4.0.11/storage-4.0.11.jar
[Sat Jul 31 10:21:02 PKT 2021][FINE] Scanning /home/maqboolstudiopc/.m2/repository/com/gluonhq/attach/util/4.0.11/util-4.0.11-android.jar
[Sat Jul 31 10:21:02 PKT 2021][FINE] Scanning /mnt/d/.my-m2/repository/com/gluonhq/attach/util/4.0.11/util-4.0.11.jar
[Sat Jul 31 10:21:02 PKT 2021][FINE] Scanning /mnt/d/.my-m2/repository/log4j/log4j/1.2.17/log4j-1.2.17.jar
[Sat Jul 31 10:21:02 PKT 2021][FINE] Scanning /mnt/d/.my-m2/repository/org/hsqldb/hsqldb/2.6.0-jdk6/hsqldb-2.6.0-jdk6.jar
[Sat Jul 31 10:21:02 PKT 2021][FINE] Scanning /home/maqboolstudiopc/.gluon/substrate/javafxStaticSdk/17-ea+14/android-aarch64/sdk/lib/javafx.base.jar
[Sat Jul 31 10:21:02 PKT 2021][FINE] Scanning /home/maqboolstudiopc/.gluon/substrate/javafxStaticSdk/17-ea+14/android-aarch64/sdk/lib/javafx.controls.jar
[Sat Jul 31 10:21:02 PKT 2021][FINE] Adding classes from /home/maqboolstudiopc/.gluon/substrate/javafxStaticSdk/17-ea+14/android-aarch64/sdk/lib/javafx.controls.jar::META-INF/substrate/config/resourcebundles
[Sat Jul 31 10:21:02 PKT 2021][FINE] Scanning /home/maqboolstudiopc/.gluon/substrate/javafxStaticSdk/17-ea+14/android-aarch64/sdk/lib/javafx.graphics.jar
[Sat Jul 31 10:21:02 PKT 2021][FINE] Adding classes from /home/maqboolstudiopc/.gluon/substrate/javafxStaticSdk/17-ea+14/android-aarch64/sdk/lib/javafx.graphics.jar::META-INF/substrate/config/resourcebundles
[Sat Jul 31 10:21:02 PKT 2021][FINE] Scanning /mnt/d/.my-m2/repository/org/slf4j/slf4j-api/1.7.30/slf4j-api-1.7.30.jar
[Sat Jul 31 10:21:02 PKT 2021][FINE] Scanning /mnt/d/.my-m2/repository/org/slf4j/slf4j-log4j12/1.7.30/slf4j-log4j12-1.7.30.jar
[Sat Jul 31 10:21:02 PKT 2021][FINE] Scanning /tmp/classes11948842617081225433/classes.jar
[Sat Jul 31 10:21:03 PKT 2021][FINE] Copied resource /mnt/d/.my-m2/repository/com/gluonhq/attach/storage/4.0.11/storage-4.0.11-android.jar to /mnt/d/NetBeansProjects/git-projects/HSQLDb-On-GraalVM-NativeImage-Test/target/gluonfx/aarch64-android/gvm/tmp/deps/storage-4.0.11-android.jar
[Sat Jul 31 10:21:03 PKT 2021][FINE] Copied resource /mnt/d/.my-m2/repository/com/gluonhq/attach/storage/4.0.11/storage-4.0.11.jar to /mnt/d/NetBeansProjects/git-projects/HSQLDb-On-GraalVM-NativeImage-Test/target/gluonfx/aarch64-android/gvm/tmp/deps/storage-4.0.11.jar
[Sat Jul 31 10:21:03 PKT 2021][FINE] Copied resource /home/maqboolstudiopc/.m2/repository/com/gluonhq/attach/util/4.0.11/util-4.0.11-android.jar to /mnt/d/NetBeansProjects/git-projects/HSQLDb-On-GraalVM-NativeImage-Test/target/gluonfx/aarch64-android/gvm/tmp/deps/util-4.0.11-android.jar
[Sat Jul 31 10:21:03 PKT 2021][FINE] Copied resource /mnt/d/.my-m2/repository/com/gluonhq/attach/util/4.0.11/util-4.0.11.jar to /mnt/d/NetBeansProjects/git-projects/HSQLDb-On-GraalVM-NativeImage-Test/target/gluonfx/aarch64-android/gvm/tmp/deps/util-4.0.11.jar
[Sat Jul 31 10:21:03 PKT 2021][FINE] Copied resource /mnt/d/.my-m2/repository/log4j/log4j/1.2.17/log4j-1.2.17.jar to /mnt/d/NetBeansProjects/git-projects/HSQLDb-On-GraalVM-NativeImage-Test/target/gluonfx/aarch64-android/gvm/tmp/deps/log4j-1.2.17.jar
[Sat Jul 31 10:21:03 PKT 2021][FINE] Copied resource /mnt/d/.my-m2/repository/org/hsqldb/hsqldb/2.6.0-jdk6/hsqldb-2.6.0-jdk6.jar to /mnt/d/NetBeansProjects/git-projects/HSQLDb-On-GraalVM-NativeImage-Test/target/gluonfx/aarch64-android/gvm/tmp/deps/hsqldb-2.6.0-jdk6.jar
[Sat Jul 31 10:21:03 PKT 2021][FINE] Copied resource /home/maqboolstudiopc/.gluon/substrate/javafxStaticSdk/17-ea+14/android-aarch64/sdk/lib/javafx.base.jar to /mnt/d/NetBeansProjects/git-projects/HSQLDb-On-GraalVM-NativeImage-Test/target/gluonfx/aarch64-android/gvm/tmp/deps/javafx.base.jar
[Sat Jul 31 10:21:03 PKT 2021][FINE] Copied resource /home/maqboolstudiopc/.gluon/substrate/javafxStaticSdk/17-ea+14/android-aarch64/sdk/lib/javafx.controls.jar to /mnt/d/NetBeansProjects/git-projects/HSQLDb-On-GraalVM-NativeImage-Test/target/gluonfx/aarch64-android/gvm/tmp/deps/javafx.controls.jar
[Sat Jul 31 10:21:03 PKT 2021][FINE] Copied resource /home/maqboolstudiopc/.gluon/substrate/javafxStaticSdk/17-ea+14/android-aarch64/sdk/lib/javafx.graphics.jar to /mnt/d/NetBeansProjects/git-projects/HSQLDb-On-GraalVM-NativeImage-Test/target/gluonfx/aarch64-android/gvm/tmp/deps/javafx.graphics.jar
[Sat Jul 31 10:21:03 PKT 2021][FINE] Copied resource /mnt/d/.my-m2/repository/org/slf4j/slf4j-api/1.7.30/slf4j-api-1.7.30.jar to /mnt/d/NetBeansProjects/git-projects/HSQLDb-On-GraalVM-NativeImage-Test/target/gluonfx/aarch64-android/gvm/tmp/deps/slf4j-api-1.7.30.jar
[Sat Jul 31 10:21:03 PKT 2021][FINE] Copied resource /mnt/d/.my-m2/repository/org/slf4j/slf4j-log4j12/1.7.30/slf4j-log4j12-1.7.30.jar to /mnt/d/NetBeansProjects/git-projects/HSQLDb-On-GraalVM-NativeImage-Test/target/gluonfx/aarch64-android/gvm/tmp/deps/slf4j-log4j12-1.7.30.jar
[Sat Jul 31 10:21:03 PKT 2021][FINE] Class-Path manifest entry for pathing jar: ../../../../classes deps/storage-4.0.11-android.jar deps/storage-4.0.11.jar deps/util-4.0.11-android.jar deps/util-4.0.11.jar deps/log4j-1.2.17.jar deps/hsqldb-2.6.0-jdk6.jar deps/javafx.base.jar deps/javafx.controls.jar deps/javafx.graphics.jar deps/slf4j-api-1.7.30.jar deps/slf4j-log4j12-1.7.30.jar
[Sat Jul 31 10:21:03 PKT 2021][FINE] Pathing jar created at /mnt/d/NetBeansProjects/git-projects/HSQLDb-On-GraalVM-NativeImage-Test/target/gluonfx/aarch64-android/gvm/tmp/classpathJar.jar
[Sat Jul 31 10:21:03 PKT 2021][FINE] PB Command for compile: /mnt/d/Programs/graalvm-svm-linux-gluon-21.2.0-dev/bin/native-image -Djdk.internal.lambda.eagerlyInitialize=false --no-server -H:+ExitAfterRelocatableImageWrite -H:+SharedLibrary -H:+AddAllCharsets -H:+ReportExceptionStackTraces -H:-DeadlockWatchdogExitOnTimeout -H:DeadlockWatchdogInterval=0 -H:+RemoveSaturatedTypeFlows --features=org.graalvm.home.HomeFinderFeature -H:TempDirectory=/mnt/d/NetBeansProjects/git-projects/HSQLDb-On-GraalVM-NativeImage-Test/target/gluonfx/aarch64-android/gvm/tmp -H:EnableURLProtocols=http,https -H:ReflectionConfigurationFiles=/mnt/d/NetBeansProjects/git-projects/HSQLDb-On-GraalVM-NativeImage-Test/target/gluonfx/aarch64-android/gvm/reflectionconfig-aarch64-android.json -H:JNIConfigurationFiles=/mnt/d/NetBeansProjects/git-projects/HSQLDb-On-GraalVM-NativeImage-Test/target/gluonfx/aarch64-android/gvm/jniconfig-aarch64-android.json -H:ResourceConfigurationFiles=/mnt/d/NetBeansProjects/git-projects/HSQLDb-On-GraalVM-NativeImage-Test/target/gluonfx/aarch64-android/gvm/resourceconfig-aarch64-android.json -H:-SpawnIsolates -Dsvm.targetArch=aarch64 -H:+ForceNoROSectionRelocations --libc=bionic -H:+UseCAPCache -H:CAPCacheDir=/mnt/d/NetBeansProjects/git-projects/HSQLDb-On-GraalVM-NativeImage-Test/target/gluonfx/aarch64-android/gvm/capcache -H:CompilerBackend=lir -H:IncludeResourceBundles=com/sun/javafx/scene/control/skin/resources/controls,com/sun/javafx/scene/control/skin/resources/controls-nt,com.sun.javafx.tk.quantum.QuantumMessagesBundle -Dsvm.platform=org.graalvm.nativeimage.Platform$LINUX_AARCH64 -cp /mnt/d/.my-m2/repository/com/gluonhq/substrate/0.0.44-SNAPSHOT/substrate-0.0.44-SNAPSHOT.jar:/mnt/d/NetBeansProjects/git-projects/HSQLDb-On-GraalVM-NativeImage-Test/target/gluonfx/aarch64-android/gvm/tmp/classpathJar.jar com.maqboolsolutions.hsqldbgraalvmtest.Main
[Sat Jul 31 10:21:03 PKT 2021][FINE] Start process compile...
[Sat Jul 31 10:21:04 PKT 2021][INFO] [SUB] Warning: Ignoring server-mode native-image argument --no-server.
[Sat Jul 31 10:21:10 PKT 2021][INFO] [SUB] [com.maqboolsolutions.hsqldbgraalvmtest.main:1408]    classlist:   4,745.81 ms,  0.96 GB
[Sat Jul 31 10:21:12 PKT 2021][INFO] [SUB] [com.maqboolsolutions.hsqldbgraalvmtest.main:1408]        (cap):     449.30 ms,  0.96 GB
[Sat Jul 31 10:21:14 PKT 2021][INFO] [SUB] [com.maqboolsolutions.hsqldbgraalvmtest.main:1408]        setup:   4,618.04 ms,  0.96 GB
[Sat Jul 31 10:24:45 PKT 2021][INFO] [SUB] [com.maqboolsolutions.hsqldbgraalvmtest.main:1408]     (clinit):   1,585.23 ms,  4.12 GB
[Sat Jul 31 10:24:45 PKT 2021][INFO] [SUB] [com.maqboolsolutions.hsqldbgraalvmtest.main:1408]   (typeflow): 133,603.37 ms,  4.12 GB
[Sat Jul 31 10:24:45 PKT 2021][INFO] [SUB] [com.maqboolsolutions.hsqldbgraalvmtest.main:1408]    (objects):  61,604.04 ms,  4.12 GB
[Sat Jul 31 10:24:45 PKT 2021][INFO] [SUB] [com.maqboolsolutions.hsqldbgraalvmtest.main:1408]   (features):  10,628.61 ms,  4.12 GB
[Sat Jul 31 10:24:45 PKT 2021][INFO] [SUB] [com.maqboolsolutions.hsqldbgraalvmtest.main:1408]     analysis: 210,294.76 ms,  4.12 GB
[Sat Jul 31 10:24:51 PKT 2021][INFO] [SUB] [com.maqboolsolutions.hsqldbgraalvmtest.main:1408]     universe:   6,014.83 ms,  4.05 GB
[Sat Jul 31 10:24:59 PKT 2021][INFO] [SUB] [com.maqboolsolutions.hsqldbgraalvmtest.main:1408]      (parse):   7,610.33 ms,  4.10 GB
[Sat Jul 31 10:25:42 PKT 2021][INFO] [SUB] [com.maqboolsolutions.hsqldbgraalvmtest.main:1408]     (inline):  42,570.84 ms,  4.95 GB
[Sat Jul 31 10:27:21 PKT 2021][INFO] [SUB] [com.maqboolsolutions.hsqldbgraalvmtest.main:1408]    (compile):  95,359.94 ms,  5.26 GB
[Sat Jul 31 10:27:25 PKT 2021][INFO] [SUB] [com.maqboolsolutions.hsqldbgraalvmtest.main:1408]      compile: 152,874.06 ms,  5.26 GB
[Sat Jul 31 10:28:19 PKT 2021][INFO] [SUB] [com.maqboolsolutions.hsqldbgraalvmtest.main:1408]        image:  54,171.93 ms,  5.27 GB
[Sat Jul 31 10:28:47 PKT 2021][INFO] [SUB] [com.maqboolsolutions.hsqldbgraalvmtest.main:1408]        write:  27,527.64 ms,  5.27 GB
[Sat Jul 31 10:28:47 PKT 2021][INFO] [SUB] [com.maqboolsolutions.hsqldbgraalvmtest.main:1408]      [total]: 462,062.01 ms,  5.27 GB
[Sat Jul 31 10:28:47 PKT 2021][INFO] [SUB] # Printing build artifacts to: /mnt/d/NetBeansProjects/git-projects/HSQLDb-On-GraalVM-NativeImage-Test/target/gluonfx/aarch64-android/gvm/HSQLDbOnGraalVMNativeImageTest/com.maqboolsolutions.hsqldbgraalvmtest.main.build_artifacts.txt
[Sat Jul 31 10:28:57 PKT 2021][FINE] Result for compile: 0
[Sat Jul 31 10:29:03 PKT 2021][FINE] Logging process [compile] to file: /mnt/d/NetBeansProjects/git-projects/HSQLDb-On-GraalVM-NativeImage-Test/target/gluonfx/log/process-compile-1627709341166.log
[Sat Jul 31 10:29:11 PKT 2021][FINE] PB Command for java-version: /mnt/d/Programs/graalvm-svm-linux-gluon-21.2.0-dev/bin/java --version
[Sat Jul 31 10:29:11 PKT 2021][FINE] Start process java-version...
[Sat Jul 31 10:29:19 PKT 2021][FINE] [SUB] openjdk 11.0.11 2021-04-20
[Sat Jul 31 10:29:19 PKT 2021][FINE] [SUB] OpenJDK Runtime Environment GraalVM 21.2.0-dev (build 11.0.11+8-jvmci-21.2-b02)
[Sat Jul 31 10:29:19 PKT 2021][FINE] [SUB] OpenJDK 64-Bit Server VM GraalVM 21.2.0-dev (build 11.0.11+8-jvmci-21.2-b02, mixed mode, sharing)
[Sat Jul 31 10:29:19 PKT 2021][FINE] Result for java-version: 0
[Sat Jul 31 10:30:07 PKT 2021][INFO] ==================== PACKAGE TASK ====================
[Sat Jul 31 10:30:08 PKT 2021][FINE] FileSystem for resource jar:file:/mnt/d/.my-m2/repository/com/gluonhq/substrate/0.0.44-SNAPSHOT/substrate-0.0.44-SNAPSHOT.jar!/com/gluonhq/substrate/ not found. Trying to create a new FileSystem instead.
[Sat Jul 31 10:30:08 PKT 2021][FINE] Created FileSystem for resource jar:file:/mnt/d/.my-m2/repository/com/gluonhq/substrate/0.0.44-SNAPSHOT/substrate-0.0.44-SNAPSHOT.jar!/com/gluonhq/substrate/: /mnt/d/.my-m2/repository/com/gluonhq/substrate/0.0.44-SNAPSHOT/substrate-0.0.44-SNAPSHOT.jar
[Sat Jul 31 10:30:18 PKT 2021][FINE] Copied resource /mnt/d/NetBeansProjects/git-projects/HSQLDb-On-GraalVM-NativeImage-Test/target/classes/com/maqboolsolutions/hsqldbgraalvmtest/Main.class to /tmp/classes11208775139880900478/com/maqboolsolutions/hsqldbgraalvmtest/Main.class
[Sat Jul 31 10:30:18 PKT 2021][FINE] Copied resource /mnt/d/NetBeansProjects/git-projects/HSQLDb-On-GraalVM-NativeImage-Test/target/classes/log4j.xml to /tmp/classes11208775139880900478/log4j.xml
[Sat Jul 31 10:30:18 PKT 2021][FINE] Copied resource /mnt/d/NetBeansProjects/git-projects/HSQLDb-On-GraalVM-NativeImage-Test/target/classes/META-INF/native-image/reflect-config.json to /tmp/classes11208775139880900478/META-INF/native-image/reflect-config.json
[Sat Jul 31 10:30:18 PKT 2021][FINE] Copied resource /mnt/d/NetBeansProjects/git-projects/HSQLDb-On-GraalVM-NativeImage-Test/target/classes/META-INF/native-image/resource-config.json to /tmp/classes11208775139880900478/META-INF/native-image/resource-config.json
[Sat Jul 31 10:30:18 PKT 2021][FINE] PB Command for jar: /mnt/d/Programs/graalvm-svm-linux-gluon-21.2.0-dev/bin/jar cf /tmp/classes11208775139880900478/classes.jar -C /tmp/classes11208775139880900478 .
[Sat Jul 31 10:30:18 PKT 2021][FINE] Start process jar...
[Sat Jul 31 10:30:22 PKT 2021][FINE] Result for jar: 0
[Sat Jul 31 10:30:22 PKT 2021][FINE] Scanning for android dependencies files
[Sat Jul 31 10:30:22 PKT 2021][FINE] Scanning /mnt/d/.my-m2/repository/com/gluonhq/attach/storage/4.0.11/storage-4.0.11-android.jar
[Sat Jul 31 10:30:22 PKT 2021][FINE] Scanning /mnt/d/.my-m2/repository/com/gluonhq/attach/storage/4.0.11/storage-4.0.11.jar
[Sat Jul 31 10:30:22 PKT 2021][FINE] Scanning /home/maqboolstudiopc/.m2/repository/com/gluonhq/attach/util/4.0.11/util-4.0.11-android.jar
[Sat Jul 31 10:30:22 PKT 2021][FINE] Scanning /mnt/d/.my-m2/repository/com/gluonhq/attach/util/4.0.11/util-4.0.11.jar
[Sat Jul 31 10:30:22 PKT 2021][FINE] Scanning /mnt/d/.my-m2/repository/log4j/log4j/1.2.17/log4j-1.2.17.jar
[Sat Jul 31 10:30:22 PKT 2021][FINE] Scanning /mnt/d/.my-m2/repository/org/hsqldb/hsqldb/2.6.0-jdk6/hsqldb-2.6.0-jdk6.jar
[Sat Jul 31 10:30:22 PKT 2021][FINE] Scanning /mnt/d/.my-m2/repository/org/openjfx/javafx-base/16/javafx-base-16-linux.jar
[Sat Jul 31 10:30:22 PKT 2021][FINE] Scanning /mnt/d/.my-m2/repository/org/openjfx/javafx-base/16/javafx-base-16.jar
[Sat Jul 31 10:30:22 PKT 2021][FINE] Scanning /mnt/d/.my-m2/repository/org/openjfx/javafx-controls/16/javafx-controls-16-linux.jar
[Sat Jul 31 10:30:22 PKT 2021][FINE] Scanning /mnt/d/.my-m2/repository/org/openjfx/javafx-controls/16/javafx-controls-16.jar
[Sat Jul 31 10:30:22 PKT 2021][FINE] Scanning /mnt/d/.my-m2/repository/org/openjfx/javafx-graphics/16/javafx-graphics-16-linux.jar
[Sat Jul 31 10:30:22 PKT 2021][FINE] Scanning /mnt/d/.my-m2/repository/org/openjfx/javafx-graphics/16/javafx-graphics-16.jar
[Sat Jul 31 10:30:22 PKT 2021][FINE] Scanning /mnt/d/.my-m2/repository/org/slf4j/slf4j-api/1.7.30/slf4j-api-1.7.30.jar
[Sat Jul 31 10:30:22 PKT 2021][FINE] Scanning /mnt/d/.my-m2/repository/org/slf4j/slf4j-log4j12/1.7.30/slf4j-log4j12-1.7.30.jar
[Sat Jul 31 10:30:22 PKT 2021][FINE] Scanning /tmp/classes11208775139880900478/classes.jar
[Sat Jul 31 10:30:24 PKT 2021][FINE] Copied resource /mnt/d/NetBeansProjects/git-projects/HSQLDb-On-GraalVM-NativeImage-Test/src/android/res/mipmap-hdpi/ic_launcher.png to /mnt/d/NetBeansProjects/git-projects/HSQLDb-On-GraalVM-NativeImage-Test/target/gluonfx/aarch64-android/gvm/android_project/app/src/main/res/mipmap-hdpi/ic_launcher.png
[Sat Jul 31 10:30:24 PKT 2021][FINE] Copied resource /mnt/d/NetBeansProjects/git-projects/HSQLDb-On-GraalVM-NativeImage-Test/src/android/res/mipmap-ldpi/ic_launcher.png to /mnt/d/NetBeansProjects/git-projects/HSQLDb-On-GraalVM-NativeImage-Test/target/gluonfx/aarch64-android/gvm/android_project/app/src/main/res/mipmap-ldpi/ic_launcher.png
[Sat Jul 31 10:30:24 PKT 2021][FINE] Copied resource /mnt/d/NetBeansProjects/git-projects/HSQLDb-On-GraalVM-NativeImage-Test/src/android/res/mipmap-mdpi/ic_launcher.png to /mnt/d/NetBeansProjects/git-projects/HSQLDb-On-GraalVM-NativeImage-Test/target/gluonfx/aarch64-android/gvm/android_project/app/src/main/res/mipmap-mdpi/ic_launcher.png
[Sat Jul 31 10:30:24 PKT 2021][FINE] Copied resource /mnt/d/NetBeansProjects/git-projects/HSQLDb-On-GraalVM-NativeImage-Test/src/android/res/mipmap-xhdpi/ic_launcher.png to /mnt/d/NetBeansProjects/git-projects/HSQLDb-On-GraalVM-NativeImage-Test/target/gluonfx/aarch64-android/gvm/android_project/app/src/main/res/mipmap-xhdpi/ic_launcher.png
[Sat Jul 31 10:30:24 PKT 2021][FINE] Copied resource /mnt/d/NetBeansProjects/git-projects/HSQLDb-On-GraalVM-NativeImage-Test/src/android/res/mipmap-xxhdpi/ic_launcher.png to /mnt/d/NetBeansProjects/git-projects/HSQLDb-On-GraalVM-NativeImage-Test/target/gluonfx/aarch64-android/gvm/android_project/app/src/main/res/mipmap-xxhdpi/ic_launcher.png
[Sat Jul 31 10:30:24 PKT 2021][FINE] Copied resource /mnt/d/NetBeansProjects/git-projects/HSQLDb-On-GraalVM-NativeImage-Test/src/android/res/mipmap-xxxhdpi/ic_launcher.png to /mnt/d/NetBeansProjects/git-projects/HSQLDb-On-GraalVM-NativeImage-Test/target/gluonfx/aarch64-android/gvm/android_project/app/src/main/res/mipmap-xxxhdpi/ic_launcher.png
[Sat Jul 31 10:30:24 PKT 2021][FINE] Copied resource /mnt/d/NetBeansProjects/git-projects/HSQLDb-On-GraalVM-NativeImage-Test/target/classes/com/maqboolsolutions/hsqldbgraalvmtest/Main.class to /tmp/classes16381013940922513744/com/maqboolsolutions/hsqldbgraalvmtest/Main.class
[Sat Jul 31 10:30:24 PKT 2021][FINE] Copied resource /mnt/d/NetBeansProjects/git-projects/HSQLDb-On-GraalVM-NativeImage-Test/target/classes/log4j.xml to /tmp/classes16381013940922513744/log4j.xml
[Sat Jul 31 10:30:24 PKT 2021][FINE] Copied resource /mnt/d/NetBeansProjects/git-projects/HSQLDb-On-GraalVM-NativeImage-Test/target/classes/META-INF/native-image/reflect-config.json to /tmp/classes16381013940922513744/META-INF/native-image/reflect-config.json
[Sat Jul 31 10:30:24 PKT 2021][FINE] Copied resource /mnt/d/NetBeansProjects/git-projects/HSQLDb-On-GraalVM-NativeImage-Test/target/classes/META-INF/native-image/resource-config.json to /tmp/classes16381013940922513744/META-INF/native-image/resource-config.json
[Sat Jul 31 10:30:24 PKT 2021][FINE] PB Command for jar: /mnt/d/Programs/graalvm-svm-linux-gluon-21.2.0-dev/bin/jar cf /tmp/classes16381013940922513744/classes.jar -C /tmp/classes16381013940922513744 .
[Sat Jul 31 10:30:24 PKT 2021][FINE] Start process jar...
[Sat Jul 31 10:30:25 PKT 2021][FINE] Result for jar: 0
[Sat Jul 31 10:30:26 PKT 2021][FINE] Scanning for dalvik classes
[Sat Jul 31 10:30:26 PKT 2021][FINE] Copied resource /mnt/d/NetBeansProjects/git-projects/HSQLDb-On-GraalVM-NativeImage-Test/target/classes/com/maqboolsolutions/hsqldbgraalvmtest/Main.class to /tmp/classes6530847707511902805/com/maqboolsolutions/hsqldbgraalvmtest/Main.class
[Sat Jul 31 10:30:26 PKT 2021][FINE] Copied resource /mnt/d/NetBeansProjects/git-projects/HSQLDb-On-GraalVM-NativeImage-Test/target/classes/log4j.xml to /tmp/classes6530847707511902805/log4j.xml
[Sat Jul 31 10:30:26 PKT 2021][FINE] Copied resource /mnt/d/NetBeansProjects/git-projects/HSQLDb-On-GraalVM-NativeImage-Test/target/classes/META-INF/native-image/reflect-config.json to /tmp/classes6530847707511902805/META-INF/native-image/reflect-config.json
[Sat Jul 31 10:30:26 PKT 2021][FINE] Copied resource /mnt/d/NetBeansProjects/git-projects/HSQLDb-On-GraalVM-NativeImage-Test/target/classes/META-INF/native-image/resource-config.json to /tmp/classes6530847707511902805/META-INF/native-image/resource-config.json
[Sat Jul 31 10:30:26 PKT 2021][FINE] PB Command for jar: /mnt/d/Programs/graalvm-svm-linux-gluon-21.2.0-dev/bin/jar cf /tmp/classes6530847707511902805/classes.jar -C /tmp/classes6530847707511902805 .
[Sat Jul 31 10:30:26 PKT 2021][FINE] Start process jar...
[Sat Jul 31 10:30:26 PKT 2021][FINE] Result for jar: 0
[Sat Jul 31 10:30:26 PKT 2021][FINE] Scanning /mnt/d/.my-m2/repository/com/gluonhq/attach/storage/4.0.11/storage-4.0.11-android.jar
[Sat Jul 31 10:30:26 PKT 2021][FINE] Scanning /mnt/d/.my-m2/repository/com/gluonhq/attach/storage/4.0.11/storage-4.0.11.jar
[Sat Jul 31 10:30:26 PKT 2021][FINE] Scanning /home/maqboolstudiopc/.m2/repository/com/gluonhq/attach/util/4.0.11/util-4.0.11-android.jar
[Sat Jul 31 10:30:26 PKT 2021][FINE] Scanning /mnt/d/.my-m2/repository/com/gluonhq/attach/util/4.0.11/util-4.0.11.jar
[Sat Jul 31 10:30:26 PKT 2021][FINE] Scanning /mnt/d/.my-m2/repository/log4j/log4j/1.2.17/log4j-1.2.17.jar
[Sat Jul 31 10:30:26 PKT 2021][FINE] Scanning /mnt/d/.my-m2/repository/org/hsqldb/hsqldb/2.6.0-jdk6/hsqldb-2.6.0-jdk6.jar
[Sat Jul 31 10:30:26 PKT 2021][FINE] Scanning /mnt/d/.my-m2/repository/org/openjfx/javafx-base/16/javafx-base-16-linux.jar
[Sat Jul 31 10:30:26 PKT 2021][FINE] Scanning /mnt/d/.my-m2/repository/org/openjfx/javafx-base/16/javafx-base-16.jar
[Sat Jul 31 10:30:26 PKT 2021][FINE] Scanning /mnt/d/.my-m2/repository/org/openjfx/javafx-controls/16/javafx-controls-16-linux.jar
[Sat Jul 31 10:30:26 PKT 2021][FINE] Scanning /mnt/d/.my-m2/repository/org/openjfx/javafx-controls/16/javafx-controls-16.jar
[Sat Jul 31 10:30:26 PKT 2021][FINE] Scanning /mnt/d/.my-m2/repository/org/openjfx/javafx-graphics/16/javafx-graphics-16-linux.jar
[Sat Jul 31 10:30:26 PKT 2021][FINE] Scanning /mnt/d/.my-m2/repository/org/openjfx/javafx-graphics/16/javafx-graphics-16.jar
[Sat Jul 31 10:30:26 PKT 2021][FINE] Scanning /mnt/d/.my-m2/repository/org/slf4j/slf4j-api/1.7.30/slf4j-api-1.7.30.jar
[Sat Jul 31 10:30:26 PKT 2021][FINE] Scanning /mnt/d/.my-m2/repository/org/slf4j/slf4j-log4j12/1.7.30/slf4j-log4j12-1.7.30.jar
[Sat Jul 31 10:30:26 PKT 2021][FINE] Scanning /tmp/classes6530847707511902805/classes.jar
[Sat Jul 31 10:30:26 PKT 2021][FINE] PB Command for merge-dalvik-classes: /mnt/d/Programs/graalvm-svm-linux-gluon-21.2.0-dev/bin/jar -cvf ../additional_classes.jar .
[Sat Jul 31 10:30:26 PKT 2021][FINE] Start process merge-dalvik-classes...
[Sat Jul 31 10:30:27 PKT 2021][FINE] [SUB] added manifest
[Sat Jul 31 10:30:28 PKT 2021][FINE] Result for merge-dalvik-classes: 0
[Sat Jul 31 10:30:34 PKT 2021][FINE] PB Command for package-task: /mnt/d/NetBeansProjects/git-projects/HSQLDb-On-GraalVM-NativeImage-Test/target/gluonfx/aarch64-android/gvm/android_project/gradlew -p /mnt/d/NetBeansProjects/git-projects/HSQLDb-On-GraalVM-NativeImage-Test/target/gluonfx/aarch64-android/gvm/android_project assembleDebug
[Sat Jul 31 10:30:34 PKT 2021][FINE] Start process package-task...
[Sat Jul 31 10:30:59 PKT 2021][FINE] [SUB] To honour the JVM settings for this build a new JVM will be forked. Please consider using the daemon: https://docs.gradle.org/6.4.1/userguide/gradle_daemon.html.
[Sat Jul 31 10:31:32 PKT 2021][FINE] [SUB] Daemon will be stopped at the end of the build stopping after processing
[Sat Jul 31 10:32:31 PKT 2021][FINE] [SUB] > Task :app:preBuild UP-TO-DATE
[Sat Jul 31 10:32:31 PKT 2021][FINE] [SUB] > Task :app:preDebugBuild UP-TO-DATE
[Sat Jul 31 10:32:31 PKT 2021][FINE] [SUB] > Task :app:compileDebugAidl NO-SOURCE
[Sat Jul 31 10:32:31 PKT 2021][FINE] [SUB] > Task :app:generateDebugBuildConfig
[Sat Jul 31 10:32:31 PKT 2021][FINE] [SUB] > Task :app:compileDebugRenderscript NO-SOURCE
[Sat Jul 31 10:32:32 PKT 2021][FINE] [SUB] > Task :app:javaPreCompileDebug
[Sat Jul 31 10:32:32 PKT 2021][FINE] [SUB] > Task :app:generateDebugResValues
[Sat Jul 31 10:32:32 PKT 2021][FINE] [SUB] > Task :app:generateDebugResources
[Sat Jul 31 10:32:38 PKT 2021][FINE] [SUB] > Task :app:createDebugCompatibleScreenManifests
[Sat Jul 31 10:32:38 PKT 2021][FINE] [SUB] > Task :app:mergeDebugResources
[Sat Jul 31 10:32:38 PKT 2021][FINE] [SUB] > Task :app:extractDeepLinksDebug
[Sat Jul 31 10:32:39 PKT 2021][FINE] [SUB] 
[Sat Jul 31 10:32:39 PKT 2021][FINE] [SUB] > Task :app:processDebugMainManifest
[Sat Jul 31 10:32:39 PKT 2021][FINE] [SUB] [Storage.aar] /mnt/d/.my-gradle/caches/transforms-2/files-2.1/d2432daa5bb5223d8a1e951d1958b891/jetified-Storage/AndroidManifest.xml Warning:
[Sat Jul 31 10:32:39 PKT 2021][FINE] [SUB] 	Package name 'com.gluonhq.helloandroid' used in: Storage.aar, Util.aar.
[Sat Jul 31 10:32:42 PKT 2021][FINE] [SUB] 
[Sat Jul 31 10:32:42 PKT 2021][FINE] [SUB] > Task :app:processDebugManifest
[Sat Jul 31 10:32:42 PKT 2021][FINE] [SUB] > Task :app:mergeDebugNativeDebugMetadata NO-SOURCE
[Sat Jul 31 10:32:42 PKT 2021][FINE] [SUB] > Task :app:processDebugManifestForPackage
[Sat Jul 31 10:32:45 PKT 2021][FINE] [SUB] > Task :app:processDebugResources
[Sat Jul 31 10:32:58 PKT 2021][FINE] [SUB] 
[Sat Jul 31 10:32:58 PKT 2021][FINE] [SUB] > Task :app:compileDebugJavaWithJavac
[Sat Jul 31 10:32:58 PKT 2021][FINE] [SUB] Note: /mnt/d/NetBeansProjects/git-projects/HSQLDb-On-GraalVM-NativeImage-Test/target/gluonfx/aarch64-android/gvm/android_project/app/src/main/java/com/gluonhq/helloandroid/MainActivity.java uses or overrides a deprecated API.
[Sat Jul 31 10:32:58 PKT 2021][FINE] [SUB] Note: Recompile with -Xlint:deprecation for details.
[Sat Jul 31 10:32:59 PKT 2021][FINE] [SUB] 
[Sat Jul 31 10:32:59 PKT 2021][FINE] [SUB] > Task :app:compileDebugSources
[Sat Jul 31 10:32:59 PKT 2021][FINE] [SUB] > Task :app:mergeDebugShaders
[Sat Jul 31 10:32:59 PKT 2021][FINE] [SUB] > Task :app:compileDebugShaders NO-SOURCE
[Sat Jul 31 10:32:59 PKT 2021][FINE] [SUB] > Task :app:generateDebugAssets UP-TO-DATE
[Sat Jul 31 10:33:00 PKT 2021][FINE] [SUB] > Task :app:mergeDebugAssets
[Sat Jul 31 10:33:00 PKT 2021][FINE] [SUB] > Task :app:processDebugJavaRes NO-SOURCE
[Sat Jul 31 10:33:07 PKT 2021][FINE] [SUB] > Task :app:mergeDebugJavaResource
[Sat Jul 31 10:33:13 PKT 2021][FINE] [SUB] > Task :app:dexBuilderDebug
[Sat Jul 31 10:33:14 PKT 2021][FINE] [SUB] > Task :app:checkDebugDuplicateClasses
[Sat Jul 31 10:33:14 PKT 2021][FINE] [SUB] > Task :app:mergeLibDexDebug
[Sat Jul 31 10:33:14 PKT 2021][FINE] [SUB] > Task :app:desugarDebugFileDependencies
[Sat Jul 31 10:33:17 PKT 2021][FINE] [SUB] > Task :app:mergeDebugJniLibFolders
[Sat Jul 31 10:33:17 PKT 2021][FINE] [SUB] > Task :app:mergeExtDexDebug
[Sat Jul 31 10:33:18 PKT 2021][FINE] [SUB] > Task :app:validateSigningDebug
[Sat Jul 31 10:33:18 PKT 2021][FINE] [SUB] > Task :app:mergeProjectDexDebug
[Sat Jul 31 10:33:21 PKT 2021][FINE] [SUB] > Task :app:mergeDebugNativeLibs
[Sat Jul 31 10:33:26 PKT 2021][FINE] [SUB] > Task :app:stripDebugDebugSymbols
[Sat Jul 31 10:33:35 PKT 2021][FINE] [SUB] > Task :app:packageDebug
[Sat Jul 31 10:33:35 PKT 2021][FINE] [SUB] > Task :app:assembleDebug
[Sat Jul 31 10:33:36 PKT 2021][FINE] [SUB] 
[Sat Jul 31 10:33:36 PKT 2021][FINE] [SUB] BUILD SUCCESSFUL in 2m 59s
[Sat Jul 31 10:33:36 PKT 2021][FINE] [SUB] 25 actionable tasks: 25 executed
[Sat Jul 31 10:33:37 PKT 2021][FINE] Result for package-task: 0
[Sat Jul 31 10:33:37 PKT 2021][FINE] Copied resource /mnt/d/NetBeansProjects/git-projects/HSQLDb-On-GraalVM-NativeImage-Test/target/gluonfx/aarch64-android/gvm/android_project/app/build/outputs/apk/debug/app-debug.apk to /mnt/d/NetBeansProjects/git-projects/HSQLDb-On-GraalVM-NativeImage-Test/target/gluonfx/aarch64-android/gvm/HSQLDbOnGraalVMNativeImageTest.apk
[Sat Jul 31 10:36:49 PKT 2021][INFO] ==================== RUN TASK ====================
[Sat Jul 31 10:36:49 PKT 2021][FINE] PB Command for clearLog: /mnt/d/AndroidSDKLinux/platform-tools/adb logcat -c
[Sat Jul 31 10:36:49 PKT 2021][FINE] Start process clearLog...
[Sat Jul 31 10:36:49 PKT 2021][FINE] PB Command for run: /mnt/d/AndroidSDKLinux/platform-tools/adb shell monkey -p com.maqboolsolutions.HSQLDbOnGraalVMNativeImageTest 1
[Sat Jul 31 10:36:49 PKT 2021][FINE] Start process run...
[Sat Jul 31 10:36:49 PKT 2021][FINE] Result for clearLog: 0
[Sat Jul 31 10:36:49 PKT 2021][FINE] PB Command for log: /mnt/d/AndroidSDKLinux/platform-tools/adb logcat -v brief -v color GraalCompiled:V GraalActivity:V GraalGluon:V GluonAttach:V AndroidRuntime:E ActivityManager:W *:S
[Sat Jul 31 10:36:49 PKT 2021][FINE] Start process log...
[Sat Jul 31 10:36:49 PKT 2021][INFO] [SUB] --------- beginning of main
[Sat Jul 31 10:37:23 PKT 2021][FINE] Result for run: 130
[Sat Jul 31 10:37:23 PKT 2021][FINE] Result for log: 130
                                                                                                                                                                                                                                                                                                                                                                                                                                                                                                                                                                                                                                                                                                                                                                                                                                                                                                                                                                                                                                                                                                                                                                                                                                                                                                                                                                                                                                                                                                                                                                                                                                                                                                                                                                                                                                                                                                                                                                                                                                                                                                                                                                                                                                                                                                                                                                                                                                                                                                                                                                                                                                                                                                                                                                                                                                                                                                                                                                                                                                                                                                                                                                                                                                                                                                                                                                                                                                                                                                                                                                                                                                                                                                                                                                                                                                                                                                                                                                                                                             [Sat Jul 31 11:04:41 PKT 2021][INFO] ==================== RUN TASK ====================
[Sat Jul 31 11:04:41 PKT 2021][FINE] PB Command for clearLog: /mnt/d/AndroidSDKLinux/platform-tools/adb logcat -c
[Sat Jul 31 11:04:41 PKT 2021][FINE] Start process clearLog...
[Sat Jul 31 11:04:41 PKT 2021][FINE] PB Command for run: /mnt/d/AndroidSDKLinux/platform-tools/adb shell monkey -p com.maqboolsolutions.HSQLDbOnGraalVMNativeImageTest 1
[Sat Jul 31 11:04:41 PKT 2021][FINE] Start process run...
[Sat Jul 31 11:04:41 PKT 2021][FINE] [SUB]   bash arg: -p
[Sat Jul 31 11:04:41 PKT 2021][FINE] [SUB]   bash arg: com.maqboolsolutions.HSQLDbOnGraalVMNativeImageTest
[Sat Jul 31 11:04:41 PKT 2021][FINE] [SUB]   bash arg: 1
[Sat Jul 31 11:04:41 PKT 2021][FINE] Result for clearLog: 0
[Sat Jul 31 11:04:41 PKT 2021][FINE] PB Command for log: /mnt/d/AndroidSDKLinux/platform-tools/adb logcat -v brief -v color GraalCompiled:V GraalActivity:V GraalGluon:V GluonAttach:V AndroidRuntime:E ActivityManager:W *:S
[Sat Jul 31 11:04:41 PKT 2021][FINE] Start process log...
[Sat Jul 31 11:04:42 PKT 2021][INFO] [SUB] --------- beginning of main
[Sat Jul 31 11:04:42 PKT 2021][FINE] [SUB] args: [-p, com.maqboolsolutions.HSQLDbOnGraalVMNativeImageTest, 1]
[Sat Jul 31 11:04:42 PKT 2021][FINE] [SUB]  arg: "-p"
[Sat Jul 31 11:04:42 PKT 2021][FINE] [SUB]  arg: "com.maqboolsolutions.HSQLDbOnGraalVMNativeImageTest"
[Sat Jul 31 11:04:42 PKT 2021][FINE] [SUB]  arg: "1"
[Sat Jul 31 11:04:42 PKT 2021][FINE] [SUB] data="com.maqboolsolutions.HSQLDbOnGraalVMNativeImageTest"
[Sat Jul 31 11:04:43 PKT 2021][FINE] [SUB] Events injected: 1
[Sat Jul 31 11:04:43 PKT 2021][FINE] [SUB] ## Network stats: elapsed time=74ms (0ms mobile, 0ms wifi, 74ms not connected)
[Sat Jul 31 11:04:43 PKT 2021][FINE] Result for run: 0
[Sat Jul 31 11:04:43 PKT 2021][INFO] [SUB] [38;5;231mV/GraalActivity(18100): onCreate start, using Android Logging v1[0m
[Sat Jul 31 11:04:43 PKT 2021][INFO] [SUB] [38;5;231mV/GraalActivity(18100): onCreate done[0m
[Sat Jul 31 11:04:43 PKT 2021][INFO] [SUB] [38;5;231mV/GraalActivity(18100): onStart[0m
[Sat Jul 31 11:04:43 PKT 2021][INFO] [SUB] [38;5;231mV/GraalActivity(18100): onStart done[0m
[Sat Jul 31 11:04:43 PKT 2021][INFO] [SUB] [38;5;231mV/GraalActivity(18100): onResume[0m
[Sat Jul 31 11:04:43 PKT 2021][INFO] [SUB] [38;5;231mV/GraalActivity(18100): onResume done[0m
[Sat Jul 31 11:04:43 PKT 2021][INFO] [SUB] [38;5;231mV/GraalActivity(18100): surfaceCreated for com.gluonhq.helloandroid.MainActivity@1ac8a5a[0m
[Sat Jul 31 11:04:43 PKT 2021][INFO] [SUB] [38;5;231mV/GraalActivity(18100): loading substrate library[0m
[Sat Jul 31 11:04:43 PKT 2021][INFO] [SUB] --------- beginning of crash
[Sat Jul 31 11:04:43 PKT 2021][INFO] [SUB] [38;5;196mE/AndroidRuntime(18100): FATAL EXCEPTION: main[0m
[Sat Jul 31 11:04:43 PKT 2021][INFO] [SUB] [38;5;196mE/AndroidRuntime(18100): Process: com.maqboolsolutions.HSQLDbOnGraalVMNativeImageTest, PID: 18100[0m
[Sat Jul 31 11:04:43 PKT 2021][INFO] [SUB] [38;5;196mE/AndroidRuntime(18100): java.lang.UnsatisfiedLinkError: dlopen failed: cannot locate symbol "JVM_FillInStackTrace" referenced by "/data/app/~~91Rl_r6D8mgevKOojkPHng==/com.maqboolsolutions.HSQLDbOnGraalVMNativeImageTest-4wMQld7Ri1zgOj5h49KPZQ==/lib/arm64/libsubstrate.so"...[0m
[Sat Jul 31 11:04:43 PKT 2021][INFO] [SUB] [38;5;196mE/AndroidRuntime(18100): 	at java.lang.Runtime.loadLibrary0(Runtime.java:1087)[0m
[Sat Jul 31 11:04:43 PKT 2021][INFO] [SUB] [38;5;196mE/AndroidRuntime(18100): 	at java.lang.Runtime.loadLibrary0(Runtime.java:1008)[0m
[Sat Jul 31 11:04:43 PKT 2021][INFO] [SUB] [38;5;196mE/AndroidRuntime(18100): 	at java.lang.System.loadLibrary(System.java:1664)[0m
[Sat Jul 31 11:04:43 PKT 2021][INFO] [SUB] [38;5;196mE/AndroidRuntime(18100): 	at com.gluonhq.helloandroid.MainActivity.surfaceCreated(MainActivity.java:104)[0m
[Sat Jul 31 11:04:43 PKT 2021][INFO] [SUB] [38;5;196mE/AndroidRuntime(18100): 	at android.view.SurfaceView.updateSurface(SurfaceView.java:1275)[0m
[Sat Jul 31 11:04:43 PKT 2021][INFO] [SUB] [38;5;196mE/AndroidRuntime(18100): 	at android.view.SurfaceView.lambda$new$0$SurfaceView(SurfaceView.java:196)[0m
[Sat Jul 31 11:04:43 PKT 2021][INFO] [SUB] [38;5;196mE/AndroidRuntime(18100): 	at android.view.-$$Lambda$SurfaceView$w68OV7dB_zKVNsA-r0IrAUtyWas.onPreDraw(Unknown Source:2)[0m
[Sat Jul 31 11:04:43 PKT 2021][INFO] [SUB] [38;5;196mE/AndroidRuntime(18100): 	at android.view.ViewTreeObserver.dispatchOnPreDraw(ViewTreeObserver.java:1111)[0m
[Sat Jul 31 11:04:43 PKT 2021][INFO] [SUB] [38;5;196mE/AndroidRuntime(18100): 	at android.view.ViewRootImpl.performTraversals(ViewRootImpl.java:3402)[0m
[Sat Jul 31 11:04:43 PKT 2021][INFO] [SUB] [38;5;196mE/AndroidRuntime(18100): 	at android.view.ViewRootImpl.doTraversal(ViewRootImpl.java:2181)[0m
[Sat Jul 31 11:04:43 PKT 2021][INFO] [SUB] [38;5;196mE/AndroidRuntime(18100): 	at android.view.ViewRootImpl$TraversalRunnable.run(ViewRootImpl.java:8647)[0m
[Sat Jul 31 11:04:43 PKT 2021][INFO] [SUB] [38;5;196mE/AndroidRuntime(18100): 	at android.view.Choreographer$CallbackRecord.run(Choreographer.java:1031)[0m
[Sat Jul 31 11:04:43 PKT 2021][INFO] [SUB] [38;5;196mE/AndroidRuntime(18100): 	at android.view.Choreographer.doCallbacks(Choreographer.java:849)[0m
[Sat Jul 31 11:04:43 PKT 2021][INFO] [SUB] [38;5;196mE/AndroidRuntime(18100): 	at android.view.Choreographer.doFrame(Choreographer.java:779)[0m
[Sat Jul 31 11:04:43 PKT 2021][INFO] [SUB] [38;5;196mE/AndroidRuntime(18100): 	at android.view.Choreographer$FrameHandler.handleMessage(Choreographer.java:954)[0m
[Sat Jul 31 11:04:43 PKT 2021][INFO] [SUB] [38;5;196mE/AndroidRuntime(18100): 	at android.os.Handler.dispatchMessage(Handler.java:106)[0m
[Sat Jul 31 11:04:43 PKT 2021][INFO] [SUB] [38;5;196mE/AndroidRuntime(18100): 	at android.os.Looper.loop(Looper.java:239)[0m
[Sat Jul 31 11:04:43 PKT 2021][INFO] [SUB] [38;5;196mE/AndroidRuntime(18100): 	at android.app.ActivityThread.main(ActivityThread.java:8212)[0m
[Sat Jul 31 11:04:43 PKT 2021][INFO] [SUB] [38;5;196mE/AndroidRuntime(18100): 	at java.lang.reflect.Method.invoke(Native Method)[0m
[Sat Jul 31 11:04:43 PKT 2021][INFO] [SUB] [38;5;196mE/AndroidRuntime(18100): 	at com.android.internal.os.RuntimeInit$MethodAndArgsCaller.run(RuntimeInit.java:626)[0m
[Sat Jul 31 11:04:43 PKT 2021][INFO] [SUB] [38;5;196mE/AndroidRuntime(18100): 	at com.android.internal.os.ZygoteInit.main(ZygoteInit.java:1016)[0m
[Sat Jul 31 11:06:58 PKT 2021][FINE] Result for log: 130
